Running test_json
AK_TEST_DATA_DIR=test/json/data AK_TEST_OUTPUT_DIR=build/test_output/json  ./build/test_json
Running main() from /tmp/nix-build-gtest-1.17.0.drv-0/source/googletest/src/gtest_main.cc
[==========] Running 318 tests from 1 test suite.
[----------] Global test environment set-up.
[----------] 318 tests from JSONParser/JSONParser
[ RUN      ] JSONParser/JSONParser.Case/y_string_1_2_3_bytes_UTF_2d8_sequences
test/json/test_json.cpp:171: Failure
Expected equality of these values:
  actual
    Which is: "result=DONE\n---\nEVENT\nBEGIN_ARRAY\nSTRING \\u0060\\u012a\\u12AB\nEND_ARRAY\n"
  expected
    Which is: "result=DONE\n---\nEVENT\n"
With diff:
@@ -1,6 +1,3 @@
 result=DONE
 ---
-EVENT
-BEGIN_ARRAY
-STRING \\u0060\\u012a\\u12AB
-END_ARRAY\n
+EVENT\n

Case 'y_string_1_2_3_bytes_UTF-8_sequences.txt' mismatched. See build/test_output/json/y_string_1_2_3_bytes_UTF-8_sequences.txt/output.txt

[  FAILED  ] JSONParser/JSONParser.Case/y_string_1_2_3_bytes_UTF_2d8_sequences, where GetParam() = 112-byte object <20-70 69-55 55-55 00-00 28-00 00-00 00-00 00-00 28-00 00-00 00-00 00-00 D8-5F 69-55 55-55 00-00 80-C6 68-55 55-55 00-00 37-00 00-00 00-00 00-00 37-00 00-00 00-00 00-00 10-5F 69-55 55-55 00-00 A0-73 69-55 55-55 00-00 E0-83 69-55 55-55 00-00 3B-00 00-00 00-00 00-00 3B-00 00-00 00-00 00-00 03-00 00-00 00-00 00-00 F0-6D 69-55 55-55 00-00> (2 ms)
[ RUN      ] JSONParser/JSONParser.Case/i_string_lone_second_surrogate
test/json/test_json.cpp:171: Failure
Expected equality of these values:
  actual
    Which is: "result=ERROR\nvalue=242\n---\nEVENT\nBEGIN_ARRAY\nERROR 242\n"
  expected
    Which is: "result=DONE\n---\nEVENT\n"
With diff:
@@ -1,6 +1,3 @@
-result=ERROR
-value=242
+result=DONE
 ---
-EVENT
-BEGIN_ARRAY
-ERROR 242\n
+EVENT\n

Case 'i_string_lone_second_surrogate.txt' mismatched. See build/test_output/json/i_string_lone_second_surrogate.txt/output.txt

[  FAILED  ] JSONParser/JSONParser.Case/i_string_lone_second_surrogate, where GetParam() = 112-byte object <F0-6A 69-55 55-55 00-00 22-00 00-00 00-00 00-00 22-00 00-00 00-00 00-00 D8-5F 69-55 55-55 00-00 50-91 6D-55 55-55 00-00 31-00 00-00 00-00 00-00 31-00 00-00 00-00 00-00 10-5F 69-55 55-55 00-00 B0-82 69-55 55-55 00-00 30-8C 6D-55 55-55 00-00 35-00 00-00 00-00 00-00 35-00 00-00 00-00 00-00 03-00 00-00 00-00 00-00 D0-7E 69-55 55-55 00-00> (0 ms)
[ RUN      ] JSONParser/JSONParser.Case/n_string_incomplete_escaped_character
test/json/test_json.cpp:171: Failure
Expected equality of these values:
  actual
    Which is: "result=ERROR\nvalue=241\n---\nEVENT\nBEGIN_ARRAY\nERROR 241\n"
  expected
    Which is: "result=ERROR\nvalue=0\n---\nEVENT\nERROR 0\n"
With diff:
@@ -1,6 +1,5 @@
 result=ERROR
-value=241
+value=0
 ---
 EVENT
-BEGIN_ARRAY
-ERROR 241\n
+ERROR 0\n

Case 'n_string_incomplete_escaped_character.txt' mismatched. See build/test_output/json/n_string_incomplete_escaped_character.txt/output.txt

[  FAILED  ] JSONParser/JSONParser.Case/n_string_incomplete_escaped_character, where GetParam() = 112-byte object <F0-84 6D-55 55-55 00-00 29-00 00-00 00-00 00-00 29-00 00-00 00-00 00-00 D8-5F 69-55 55-55 00-00 E0-7F 69-55 55-55 00-00 38-00 00-00 00-00 00-00 38-00 00-00 00-00 00-00 10-5F 69-55 55-55 00-00 00-95 69-55 55-55 00-00 F0-66 69-55 55-55 00-00 3C-00 00-00 00-00 00-00 3C-00 00-00 00-00 00-00 03-00 00-00 00-00 00-00 20-91 69-55 55-55 00-00> (0 ms)
[ RUN      ] JSONParser/JSONParser.Case/i_object_key_lone_2nd_surrogate
test/json/test_json.cpp:171: Failure
Expected equality of these values:
  actual
    Which is: "result=ERROR\nvalue=242\n---\nEVENT\nBEGIN_OBJECT\nKEY_BEGIN\nERROR 242\n"
  expected
    Which is: "result=DONE\n---\nEVENT\n"
With diff:
@@ -1,7 +1,3 @@
-result=ERROR
-value=242
+result=DONE
 ---
-EVENT
-BEGIN_OBJECT
-KEY_BEGIN
-ERROR 242\n
+EVENT\n

Case 'i_object_key_lone_2nd_surrogate.txt' mismatched. See build/test_output/json/i_object_key_lone_2nd_surrogate.txt/output.txt

[  FAILED  ] JSONParser/JSONParser.Case/i_object_key_lone_2nd_surrogate, where GetParam() = 112-byte object <A0-93 6D-55 55-55 00-00 23-00 00-00 00-00 00-00 23-00 00-00 00-00 00-00 D8-5F 69-55 55-55 00-00 60-65 69-55 55-55 00-00 32-00 00-00 00-00 00-00 32-00 00-00 00-00 00-00 10-5F 69-55 55-55 00-00 D0-9F 69-55 55-55 00-00 B0-63 69-55 55-55 00-00 36-00 00-00 00-00 00-00 36-00 00-00 00-00 00-00 03-00 00-00 00-00 00-00 D0-9B 69-55 55-55 00-00> (0 ms)
[ RUN      ] JSONParser/JSONParser.Case/n_structure_trailing__23
test/json/test_json.cpp:171: Failure
Expected equality of these values:
  actual
    Which is: "result=DONE\n---\nEVENT\nINT 404\n"
  expected
    Which is: "result=ERROR\nvalue=0\n---\nEVENT\nERROR 0\n"
With diff:
@@ -1,4 +1,5 @@
-result=DONE
+result=ERROR
+value=0
 ---
 EVENT
-INT 404\n
+ERROR 0\n

Case 'n_structure_trailing_#.txt' mismatched. See build/test_output/json/n_structure_trailing_#.txt/output.txt

[  FAILED  ] JSONParser/JSONParser.Case/n_structure_trailing__23, where GetParam() = 112-byte object <70-8E 6D-55 55-55 00-00 1A-00 00-00 00-00 00-00 1A-00 00-00 00-00 00-00 D8-5F 69-55 55-55 00-00 F0-7A 6D-55 55-55 00-00 29-00 00-00 00-00 00-00 29-00 00-00 00-00 00-00 10-5F 69-55 55-55 00-00 E0-B1 69-55 55-55 00-00 20-77 6D-55 55-55 00-00 2D-00 00-00 00-00 00-00 2D-00 00-00 00-00 00-00 03-00 00-00 00-00 00-00 20-8A 69-55 55-55 00-00> (0 ms)
[ RUN      ] JSONParser/JSONParser.Case/y_array_false
test/json/test_json.cpp:171: Failure
Expected equality of these values:
  actual
    Which is: "result=DONE\n---\nEVENT\nBEGIN_ARRAY\nBOOL false\nEND_ARRAY\n"
  expected
    Which is: "result=DONE\n---\nEVENT\n"
With diff:
@@ -1,6 +1,3 @@
 result=DONE
 ---
-EVENT
-BEGIN_ARRAY
-BOOL false
-END_ARRAY\n
+EVENT\n

Case 'y_array_false.txt' mismatched. See build/test_output/json/y_array_false.txt/output.txt

[  FAILED  ] JSONParser/JSONParser.Case/y_array_false, where GetParam() = 112-byte object <40-99 6D-55 55-55 00-00 11-00 00-00 00-00 00-00 11-00 00-00 00-00 00-00 D8-5F 69-55 55-55 00-00 C0-8A 6D-55 55-55 00-00 20-00 00-00 00-00 00-00 20-00 00-00 00-00 00-00 10-5F 69-55 55-55 00-00 D0-BC 69-55 55-55 00-00 C0-89 6D-55 55-55 00-00 24-00 00-00 00-00 00-00 24-00 00-00 00-00 00-00 03-00 00-00 00-00 00-00 80-B8 69-55 55-55 00-00> (0 ms)
[ RUN      ] JSONParser/JSONParser.Case/n_object_non_string_key_but_huge_number_instead
test/json/test_json.cpp:171: Failure
Expected equality of these values:
  actual
    Which is: "result=ERROR\nvalue=223\n---\nEVENT\nBEGIN_OBJECT\nERROR 223\n"
  expected
    Which is: "result=ERROR\nvalue=0\n---\nEVENT\nERROR 0\n"
With diff:
@@ -1,6 +1,5 @@
 result=ERROR
-value=223
+value=0
 ---
 EVENT
-BEGIN_OBJECT
-ERROR 223\n
+ERROR 0\n

Case 'n_object_non_string_key_but_huge_number_instead.txt' mismatched. See build/test_output/json/n_object_non_string_key_but_huge_number_instead.txt/output.txt

[  FAILED  ] JSONParser/JSONParser.Case/n_object_non_string_key_but_huge_number_instead, where GetParam() = 112-byte object <E0-75 6D-55 55-55 00-00 33-00 00-00 00-00 00-00 33-00 00-00 00-00 00-00 D8-5F 69-55 55-55 00-00 70-7F 6D-55 55-55 00-00 42-00 00-00 00-00 00-00 42-00 00-00 00-00 00-00 10-5F 69-55 55-55 00-00 E0-C6 69-55 55-55 00-00 A0-6D 69-55 55-55 00-00 46-00 00-00 00-00 00-00 46-00 00-00 00-00 00-00 03-00 00-00 00-00 00-00 F0-C2 69-55 55-55 00-00> (0 ms)
[ RUN      ] JSONParser/JSONParser.Case/n_single_space
test/json/test_json.cpp:171: Failure
Expected equality of these values:
  actual
    Which is: "result=ERROR\nvalue=211\n---\nEVENT\nERROR 211\n"
  expected
    Which is: "result=ERROR\nvalue=0\n---\nEVENT\nERROR 0\n"
With diff:
@@ -1,5 +1,5 @@
 result=ERROR
-value=211
+value=0
 ---
 EVENT
-ERROR 211\n
+ERROR 0\n

Case 'n_single_space.txt' mismatched. See build/test_output/json/n_single_space.txt/output.txt

[  FAILED  ] JSONParser/JSONParser.Case/n_single_space, where GetParam() = 112-byte object <70-79 6D-55 55-55 00-00 12-00 00-00 00-00 00-00 12-00 00-00 00-00 00-00 D8-5F 69-55 55-55 00-00 70-6C 6B-55 55-55 00-00 21-00 00-00 00-00 00-00 21-00 00-00 00-00 00-00 10-5F 69-55 55-55 00-00 D0-D1 69-55 55-55 00-00 30-7E 6D-55 55-55 00-00 25-00 00-00 00-00 00-00 25-00 00-00 00-00 00-00 03-00 00-00 00-00 00-00 30-CE 69-55 55-55 00-00> (0 ms)
[ RUN      ] JSONParser/JSONParser.Case/y_string_unicode_U_2b200B_ZERO_WIDTH_SPACE
test/json/test_json.cpp:171: Failure
Expected equality of these values:
  actual
    Which is: "result=DONE\n---\nEVENT\nBEGIN_ARRAY\nSTRING \\u200B\nEND_ARRAY\n"
  expected
    Which is: "result=DONE\n---\nEVENT\n"
With diff:
@@ -1,6 +1,3 @@
 result=DONE
 ---
-EVENT
-BEGIN_ARRAY
-STRING \\u200B
-END_ARRAY\n
+EVENT\n

Case 'y_string_unicode_U+200B_ZERO_WIDTH_SPACE.txt' mismatched. See build/test_output/json/y_string_unicode_U+200B_ZERO_WIDTH_SPACE.txt/output.txt

[  FAILED  ] JSONParser/JSONParser.Case/y_string_unicode_U_2b200B_ZERO_WIDTH_SPACE, where GetParam() = 112-byte object <90-7E 6D-55 55-55 00-00 2C-00 00-00 00-00 00-00 2C-00 00-00 00-00 00-00 D8-5F 69-55 55-55 00-00 00-68 6C-55 55-55 00-00 3B-00 00-00 00-00 00-00 3B-00 00-00 00-00 00-00 10-5F 69-55 55-55 00-00 40-AD 69-55 55-55 00-00 80-4C 6C-55 55-55 00-00 3F-00 00-00 00-00 00-00 3F-00 00-00 00-00 00-00 03-00 00-00 00-00 00-00 90-A9 69-55 55-55 00-00> (0 ms)
[ RUN      ] JSONParser/JSONParser.Case/n_string_incomplete_escape
test/json/test_json.cpp:171: Failure
Expected equality of these values:
  actual
    Which is: "result=CONTINUE\n---\nEVENT\nBEGIN_ARRAY\nSTRING_BEGIN\nSTRING_CHARS \\\"]\n"
  expected
    Which is: "result=ERROR\nvalue=0\n---\nEVENT\nERROR 0\n"
With diff:
@@ -1,6 +1,5 @@
-result=CONTINUE
+result=ERROR
+value=0
 ---
 EVENT
-BEGIN_ARRAY
-STRING_BEGIN
-STRING_CHARS \\\"]\n
+ERROR 0\n

Case 'n_string_incomplete_escape.txt' mismatched. See build/test_output/json/n_string_incomplete_escape.txt/output.txt

[  FAILED  ] JSONParser/JSONParser.Case/n_string_incomplete_escape, where GetParam() = 112-byte object <60-9D 6D-55 55-55 00-00 1E-00 00-00 00-00 00-00 1E-00 00-00 00-00 00-00 D8-5F 69-55 55-55 00-00 30-7F 6D-55 55-55 00-00 2D-00 00-00 00-00 00-00 2D-00 00-00 00-00 00-00 10-5F 69-55 55-55 00-00 70-F8 69-55 55-55 00-00 00-6F 6D-55 55-55 00-00 31-00 00-00 00-00 00-00 31-00 00-00 00-00 00-00 03-00 00-00 00-00 00-00 20-F5 69-55 55-55 00-00> (0 ms)
[ RUN      ] JSONParser/JSONParser.Case/y_string_nonCharacterInUTF_2d8_U_2b10FFFF
test/json/test_json.cpp:171: Failure
Expected equality of these values:
  actual
    Which is: "result=DONE\n---\nEVENT\nBEGIN_ARRAY\nSTRING \xF4\x8F\xBF\xBF\nEND_ARRAY\n"
    As Text: "result=DONE
---
EVENT
BEGIN_ARRAY
STRING 􏿿
END_ARRAY
"
  expected
    Which is: "result=DONE\n---\nEVENT\n"
With diff:
@@ -1,7 +1,3 @@
 result=DONE
 ---
-EVENT
-BEGIN_ARRAY
-STRING \xF4\x8F\xBF\xBF
-END_ARRAY
-"
    As Text: "result=DONE
---
EVENT
BEGIN_ARRAY
STRING 􏿿
END_ARRAY

+EVENT\n

Case 'y_string_nonCharacterInUTF-8_U+10FFFF.txt' mismatched. See build/test_output/json/y_string_nonCharacterInUTF-8_U+10FFFF.txt/output.txt

[  FAILED  ] JSONParser/JSONParser.Case/y_string_nonCharacterInUTF_2d8_U_2b10FFFF, where GetParam() = 112-byte object <E0-70 6B-55 55-55 00-00 29-00 00-00 00-00 00-00 29-00 00-00 00-00 00-00 D8-5F 69-55 55-55 00-00 70-7F 6D-55 55-55 00-00 38-00 00-00 00-00 00-00 38-00 00-00 00-00 00-00 10-5F 69-55 55-55 00-00 90-0C 6A-55 55-55 00-00 B0-67 6C-55 55-55 00-00 3C-00 00-00 00-00 00-00 3C-00 00-00 00-00 00-00 03-00 00-00 00-00 00-00 80-01 6A-55 55-55 00-00> (0 ms)
[ RUN      ] JSONParser/JSONParser.Case/i_string_invalid_surrogate
test/json/test_json.cpp:171: Failure
Expected equality of these values:
  actual
    Which is: "result=ERROR\nvalue=242\n---\nEVENT\nBEGIN_ARRAY\nERROR 242\n"
  expected
    Which is: "result=DONE\n---\nEVENT\n"
With diff:
@@ -1,6 +1,3 @@
-result=ERROR
-value=242
+result=DONE
 ---
-EVENT
-BEGIN_ARRAY
-ERROR 242\n
+EVENT\n

Case 'i_string_invalid_surrogate.txt' mismatched. See build/test_output/json/i_string_invalid_surrogate.txt/output.txt

[  FAILED  ] JSONParser/JSONParser.Case/i_string_invalid_surrogate, where GetParam() = 112-byte object <B0-75 6D-55 55-55 00-00 1E-00 00-00 00-00 00-00 1E-00 00-00 00-00 00-00 D8-5F 69-55 55-55 00-00 90-6C 6D-55 55-55 00-00 2D-00 00-00 00-00 00-00 2D-00 00-00 00-00 00-00 10-5F 69-55 55-55 00-00 30-1A 6A-55 55-55 00-00 B0-63 69-55 55-55 00-00 31-00 00-00 00-00 00-00 31-00 00-00 00-00 00-00 03-00 00-00 00-00 00-00 40-16 6A-55 55-55 00-00> (0 ms)
[ RUN      ] JSONParser/JSONParser.Case/n_structure_open_array_comma
test/json/test_json.cpp:171: Failure
Expected equality of these values:
  actual
    Which is: "result=ERROR\nvalue=225\n---\nEVENT\nBEGIN_ARRAY\nERROR 225\n"
  expected
    Which is: "result=ERROR\nvalue=0\n---\nEVENT\nERROR 0\n"
With diff:
@@ -1,6 +1,5 @@
 result=ERROR
-value=225
+value=0
 ---
 EVENT
-BEGIN_ARRAY
-ERROR 225\n
+ERROR 0\n

Case 'n_structure_open_array_comma.txt' mismatched. See build/test_output/json/n_structure_open_array_comma.txt/output.txt

[  FAILED  ] JSONParser/JSONParser.Case/n_structure_open_array_comma, where GetParam() = 112-byte object <C0-69 6B-55 55-55 00-00 20-00 00-00 00-00 00-00 20-00 00-00 00-00 00-00 D8-5F 69-55 55-55 00-00 80-68 6B-55 55-55 00-00 2F-00 00-00 00-00 00-00 2F-00 00-00 00-00 00-00 10-5F 69-55 55-55 00-00 70-25 6A-55 55-55 00-00 00-64 6B-55 55-55 00-00 33-00 00-00 00-00 00-00 33-00 00-00 00-00 00-00 03-00 00-00 00-00 00-00 F0-21 6A-55 55-55 00-00> (0 ms)
[ RUN      ] JSONParser/JSONParser.Case/i_number_too_big_neg_int
test/json/test_json.cpp:171: Failure
Expected equality of these values:
  actual
    Which is: "result=DONE\n---\nEVENT\nBEGIN_ARRAY\nINT 6188572990942219341\nEND_ARRAY\n"
  expected
    Which is: "result=DONE\n---\nEVENT\n"
With diff:
@@ -1,6 +1,3 @@
 result=DONE
 ---
-EVENT
-BEGIN_ARRAY
-INT 6188572990942219341
-END_ARRAY\n
+EVENT\n

Case 'i_number_too_big_neg_int.txt' mismatched. See build/test_output/json/i_number_too_big_neg_int.txt/output.txt

[  FAILED  ] JSONParser/JSONParser.Case/i_number_too_big_neg_int, where GetParam() = 112-byte object <00-6B 6B-55 55-55 00-00 1C-00 00-00 00-00 00-00 1C-00 00-00 00-00 00-00 D8-5F 69-55 55-55 00-00 B0-65 6B-55 55-55 00-00 2B-00 00-00 00-00 00-00 2B-00 00-00 00-00 00-00 10-5F 69-55 55-55 00-00 50-30 6A-55 55-55 00-00 40-2F 6B-55 55-55 00-00 2F-00 00-00 00-00 00-00 2F-00 00-00 00-00 00-00 03-00 00-00 00-00 00-00 E0-2C 6A-55 55-55 00-00> (0 ms)
[ RUN      ] JSONParser/JSONParser.Case/y_number_negative_int
test/json/test_json.cpp:171: Failure
Expected equality of these values:
  actual
    Which is: "result=DONE\n---\nEVENT\nBEGIN_ARRAY\nINT -123\nEND_ARRAY\n"
  expected
    Which is: "result=DONE\n---\nEVENT\n"
With diff:
@@ -1,6 +1,3 @@
 result=DONE
 ---
-EVENT
-BEGIN_ARRAY
-INT -123
-END_ARRAY\n
+EVENT\n

Case 'y_number_negative_int.txt' mismatched. See build/test_output/json/y_number_negative_int.txt/output.txt

[  FAILED  ] JSONParser/JSONParser.Case/y_number_negative_int, where GetParam() = 112-byte object <60-62 6B-55 55-55 00-00 19-00 00-00 00-00 00-00 19-00 00-00 00-00 00-00 D8-5F 69-55 55-55 00-00 90-5B 6B-55 55-55 00-00 28-00 00-00 00-00 00-00 28-00 00-00 00-00 00-00 10-5F 69-55 55-55 00-00 C0-E2 69-55 55-55 00-00 10-67 6B-55 55-55 00-00 2C-00 00-00 00-00 00-00 2C-00 00-00 00-00 00-00 03-00 00-00 00-00 00-00 10-D6 69-55 55-55 00-00> (0 ms)
[ RUN      ] JSONParser/JSONParser.Case/y_array_empty_2dstring
test/json/test_json.cpp:171: Failure
Expected equality of these values:
  actual
    Which is: "result=DONE\n---\nEVENT\nBEGIN_ARRAY\nSTRING \nEND_ARRAY\n"
  expected
    Which is: "result=DONE\n---\nEVENT\n"
With diff:
@@ -1,6 +1,3 @@
 result=DONE
 ---
-EVENT
-BEGIN_ARRAY
-STRING 
-END_ARRAY\n
+EVENT\n

Case 'y_array_empty-string.txt' mismatched. See build/test_output/json/y_array_empty-string.txt/output.txt

[  FAILED  ] JSONParser/JSONParser.Case/y_array_empty_2dstring, where GetParam() = 112-byte object <20-61 6B-55 55-55 00-00 18-00 00-00 00-00 00-00 18-00 00-00 00-00 00-00 D8-5F 69-55 55-55 00-00 20-60 6B-55 55-55 00-00 27-00 00-00 00-00 00-00 27-00 00-00 00-00 00-00 10-5F 69-55 55-55 00-00 E0-70 6A-55 55-55 00-00 50-5C 6B-55 55-55 00-00 2B-00 00-00 00-00 00-00 2B-00 00-00 00-00 00-00 03-00 00-00 00-00 00-00 10-E9 69-55 55-55 00-00> (0 ms)
[ RUN      ] JSONParser/JSONParser.Case/n_array_1_true_without_comma
test/json/test_json.cpp:171: Failure
Expected equality of these values:
  actual
    Which is: "result=ERROR\nvalue=221\n---\nEVENT\nBEGIN_ARRAY\nINT 1\nERROR 221\n"
  expected
    Which is: "result=ERROR\nvalue=0\n---\nEVENT\nERROR 0\n"
With diff:
@@ -1,7 +1,5 @@
 result=ERROR
-value=221
+value=0
 ---
 EVENT
-BEGIN_ARRAY
-INT 1
-ERROR 221\n
+ERROR 0\n

Case 'n_array_1_true_without_comma.txt' mismatched. See build/test_output/json/n_array_1_true_without_comma.txt/output.txt

[  FAILED  ] JSONParser/JSONParser.Case/n_array_1_true_without_comma, where GetParam() = 112-byte object <60-56 6B-55 55-55 00-00 20-00 00-00 00-00 00-00 20-00 00-00 00-00 00-00 D8-5F 69-55 55-55 00-00 50-5C 6B-55 55-55 00-00 2F-00 00-00 00-00 00-00 2F-00 00-00 00-00 00-00 10-5F 69-55 55-55 00-00 10-7E 6A-55 55-55 00-00 10-5C 6B-55 55-55 00-00 33-00 00-00 00-00 00-00 33-00 00-00 00-00 00-00 03-00 00-00 00-00 00-00 F0-77 6A-55 55-55 00-00> (0 ms)
[ RUN      ] JSONParser/JSONParser.Case/y_string_escaped_noncharacter
test/json/test_json.cpp:171: Failure
Expected equality of these values:
  actual
    Which is: "result=DONE\n---\nEVENT\nBEGIN_ARRAY\nSTRING \\uFFFF\nEND_ARRAY\n"
  expected
    Which is: "result=DONE\n---\nEVENT\n"
With diff:
@@ -1,6 +1,3 @@
 result=DONE
 ---
-EVENT
-BEGIN_ARRAY
-STRING \\uFFFF
-END_ARRAY\n
+EVENT\n

Case 'y_string_escaped_noncharacter.txt' mismatched. See build/test_output/json/y_string_escaped_noncharacter.txt/output.txt

[  FAILED  ] JSONParser/JSONParser.Case/y_string_escaped_noncharacter, where GetParam() = 112-byte object <E0-47 6B-55 55-55 00-00 21-00 00-00 00-00 00-00 21-00 00-00 00-00 00-00 D8-5F 69-55 55-55 00-00 40-2F 6B-55 55-55 00-00 30-00 00-00 00-00 00-00 30-00 00-00 00-00 00-00 10-5F 69-55 55-55 00-00 E0-8E 6A-55 55-55 00-00 90-5C 6B-55 55-55 00-00 34-00 00-00 00-00 00-00 34-00 00-00 00-00 00-00 03-00 00-00 00-00 00-00 F0-8A 6A-55 55-55 00-00> (0 ms)
[ RUN      ] JSONParser/JSONParser.Case/i_string_incomplete_surrogate_and_escape_valid
test/json/test_json.cpp:171: Failure
Expected equality of these values:
  actual
    Which is: "result=ERROR\nvalue=242\n---\nEVENT\nBEGIN_ARRAY\nERROR 242\n"
  expected
    Which is: "result=DONE\n---\nEVENT\n"
With diff:
@@ -1,6 +1,3 @@
-result=ERROR
-value=242
+result=DONE
 ---
-EVENT
-BEGIN_ARRAY
-ERROR 242\n
+EVENT\n

Case 'i_string_incomplete_surrogate_and_escape_valid.txt' mismatched. See build/test_output/json/i_string_incomplete_surrogate_and_escape_valid.txt/output.txt

[  FAILED  ] JSONParser/JSONParser.Case/i_string_incomplete_surrogate_and_escape_valid, where GetParam() = 112-byte object <50-5B 6B-55 55-55 00-00 32-00 00-00 00-00 00-00 32-00 00-00 00-00 00-00 D8-5F 69-55 55-55 00-00 80-4C 6C-55 55-55 00-00 41-00 00-00 00-00 00-00 41-00 00-00 00-00 00-00 10-5F 69-55 55-55 00-00 50-9E 6A-55 55-55 00-00 70-7F 6D-55 55-55 00-00 45-00 00-00 00-00 00-00 45-00 00-00 00-00 00-00 03-00 00-00 00-00 00-00 60-9A 6A-55 55-55 00-00> (0 ms)
[ RUN      ] JSONParser/JSONParser.Case/y_object_duplicated_key
test/json/test_json.cpp:171: Failure
Expected equality of these values:
  actual
    Which is: "result=DONE\n---\nEVENT\nBEGIN_OBJECT\nKEY a\nSTRING b\nKEY a\nSTRING c\nEND_OBJECT\n"
  expected
    Which is: "result=DONE\n---\nEVENT\n"
With diff:
@@ -1,9 +1,3 @@
 result=DONE
 ---
-EVENT
-BEGIN_OBJECT
-KEY a
-STRING b
-KEY a
-STRING c
-END_OBJECT\n
+EVENT\n

Case 'y_object_duplicated_key.txt' mismatched. See build/test_output/json/y_object_duplicated_key.txt/output.txt

[  FAILED  ] JSONParser/JSONParser.Case/y_object_duplicated_key, where GetParam() = 112-byte object <F0-87 6D-55 55-55 00-00 1B-00 00-00 00-00 00-00 1B-00 00-00 00-00 00-00 D8-5F 69-55 55-55 00-00 40-6F 6D-55 55-55 00-00 2A-00 00-00 00-00 00-00 2A-00 00-00 00-00 00-00 10-5F 69-55 55-55 00-00 70-AB 6A-55 55-55 00-00 50-55 6B-55 55-55 00-00 2E-00 00-00 00-00 00-00 2E-00 00-00 00-00 00-00 03-00 00-00 00-00 00-00 50-A5 6A-55 55-55 00-00> (0 ms)
[ RUN      ] JSONParser/JSONParser.Case/n_number_0_2ee1
test/json/test_json.cpp:171: Failure
Expected equality of these values:
  actual
    Which is: "result=ERROR\nvalue=263\n---\nEVENT\nBEGIN_ARRAY\nERROR 263\n"
  expected
    Which is: "result=ERROR\nvalue=0\n---\nEVENT\nERROR 0\n"
With diff:
@@ -1,6 +1,5 @@
 result=ERROR
-value=263
+value=0
 ---
 EVENT
-BEGIN_ARRAY
-ERROR 263\n
+ERROR 0\n

Case 'n_number_0.e1.txt' mismatched. See build/test_output/json/n_number_0.e1.txt/output.txt

[  FAILED  ] JSONParser/JSONParser.Case/n_number_0_2ee1, where GetParam() = 112-byte object <F0-50 6C-55 55-55 00-00 11-00 00-00 00-00 00-00 11-00 00-00 00-00 00-00 D8-5F 69-55 55-55 00-00 20-3D 6B-55 55-55 00-00 20-00 00-00 00-00 00-00 20-00 00-00 00-00 00-00 10-5F 69-55 55-55 00-00 30-B7 6A-55 55-55 00-00 20-61 6B-55 55-55 00-00 24-00 00-00 00-00 00-00 24-00 00-00 00-00 00-00 03-00 00-00 00-00 00-00 E0-B3 6A-55 55-55 00-00> (0 ms)
[ RUN      ] JSONParser/JSONParser.Case/n_structure_array_with_extra_array_close
test/json/test_json.cpp:171: Failure
Expected equality of these values:
  actual
    Which is: "result=DONE\n---\nEVENT\nBEGIN_ARRAY\nINT 1\nEND_ARRAY\n"
  expected
    Which is: "result=ERROR\nvalue=0\n---\nEVENT\nERROR 0\n"
With diff:
@@ -1,6 +1,5 @@
-result=DONE
+result=ERROR
+value=0
 ---
 EVENT
-BEGIN_ARRAY
-INT 1
-END_ARRAY\n
+ERROR 0\n

Case 'n_structure_array_with_extra_array_close.txt' mismatched. See build/test_output/json/n_structure_array_with_extra_array_close.txt/output.txt

[  FAILED  ] JSONParser/JSONParser.Case/n_structure_array_with_extra_array_close, where GetParam() = 112-byte object <80-52 6B-55 55-55 00-00 2C-00 00-00 00-00 00-00 2C-00 00-00 00-00 00-00 D8-5F 69-55 55-55 00-00 40-FC 6B-55 55-55 00-00 3B-00 00-00 00-00 00-00 3B-00 00-00 00-00 00-00 10-5F 69-55 55-55 00-00 E0-C4 6A-55 55-55 00-00 E0-FA 6B-55 55-55 00-00 3F-00 00-00 00-00 00-00 3F-00 00-00 00-00 00-00 03-00 00-00 00-00 00-00 F0-BD 6A-55 55-55 00-00> (0 ms)
[ RUN      ] JSONParser/JSONParser.Case/n_number_1eE2
test/json/test_json.cpp:171: Failure
Expected equality of these values:
  actual
    Which is: "result=ERROR\nvalue=264\n---\nEVENT\nBEGIN_ARRAY\nERROR 264\n"
  expected
    Which is: "result=ERROR\nvalue=0\n---\nEVENT\nERROR 0\n"
With diff:
@@ -1,6 +1,5 @@
 result=ERROR
-value=264
+value=0
 ---
 EVENT
-BEGIN_ARRAY
-ERROR 264\n
+ERROR 0\n

Case 'n_number_1eE2.txt' mismatched. See build/test_output/json/n_number_1eE2.txt/output.txt

[  FAILED  ] JSONParser/JSONParser.Case/n_number_1eE2, where GetParam() = 112-byte object <80-70 6C-55 55-55 00-00 11-00 00-00 00-00 00-00 11-00 00-00 00-00 00-00 D8-5F 69-55 55-55 00-00 00-34 6B-55 55-55 00-00 20-00 00-00 00-00 00-00 20-00 00-00 00-00 00-00 10-5F 69-55 55-55 00-00 70-D2 6A-55 55-55 00-00 60-56 6B-55 55-55 00-00 24-00 00-00 00-00 00-00 24-00 00-00 00-00 00-00 03-00 00-00 00-00 00-00 60-CC 6A-55 55-55 00-00> (0 ms)
[ RUN      ] JSONParser/JSONParser.Case/n_structure_object_unclosed_no_value
test/json/test_json.cpp:171: Failure
Expected equality of these values:
  actual
    Which is: "result=CONTINUE\n---\nEVENT\nBEGIN_OBJECT\nKEY \n"
  expected
    Which is: "result=ERROR\nvalue=0\n---\nEVENT\nERROR 0\n"
With diff:
@@ -1,5 +1,5 @@
-result=CONTINUE
+result=ERROR
+value=0
 ---
 EVENT
-BEGIN_OBJECT
-KEY \n
+ERROR 0\n

Case 'n_structure_object_unclosed_no_value.txt' mismatched. See build/test_output/json/n_structure_object_unclosed_no_value.txt/output.txt

[  FAILED  ] JSONParser/JSONParser.Case/n_structure_object_unclosed_no_value, where GetParam() = 112-byte object <30-7F 6D-55 55-55 00-00 28-00 00-00 00-00 00-00 28-00 00-00 00-00 00-00 D8-5F 69-55 55-55 00-00 E0-50 6B-55 55-55 00-00 37-00 00-00 00-00 00-00 37-00 00-00 00-00 00-00 10-5F 69-55 55-55 00-00 80-E0 6A-55 55-55 00-00 80-4C 6C-55 55-55 00-00 3B-00 00-00 00-00 00-00 3B-00 00-00 00-00 00-00 03-00 00-00 00-00 00-00 A0-DC 6A-55 55-55 00-00> (0 ms)
[ RUN      ] JSONParser/JSONParser.Case/n_number_0_capital_E_2b
test/json/test_json.cpp:171: Failure
Expected equality of these values:
  actual
    Which is: "result=ERROR\nvalue=264\n---\nEVENT\nBEGIN_ARRAY\nERROR 264\n"
  expected
    Which is: "result=ERROR\nvalue=0\n---\nEVENT\nERROR 0\n"
With diff:
@@ -1,6 +1,5 @@
 result=ERROR
-value=264
+value=0
 ---
 EVENT
-BEGIN_ARRAY
-ERROR 264\n
+ERROR 0\n

Case 'n_number_0_capital_E+.txt' mismatched. See build/test_output/json/n_number_0_capital_E+.txt/output.txt

[  FAILED  ] JSONParser/JSONParser.Case/n_number_0_capital_E_2b, where GetParam() = 112-byte object <D0-2D 6B-55 55-55 00-00 19-00 00-00 00-00 00-00 19-00 00-00 00-00 00-00 D8-5F 69-55 55-55 00-00 E0-53 6B-55 55-55 00-00 28-00 00-00 00-00 00-00 28-00 00-00 00-00 00-00 10-5F 69-55 55-55 00-00 20-EE 6A-55 55-55 00-00 F0-81 6D-55 55-55 00-00 2C-00 00-00 00-00 00-00 2C-00 00-00 00-00 00-00 03-00 00-00 00-00 00-00 00-EA 6A-55 55-55 00-00> (0 ms)
[ RUN      ] JSONParser/JSONParser.Case/n_string_escaped_backslash_bad
test/json/test_json.cpp:171: Failure
Expected equality of these values:
  actual
    Which is: "result=CONTINUE\n---\nEVENT\nBEGIN_ARRAY\nSTRING_BEGIN\nSTRING_CHARS \\\\\\\"]\n"
  expected
    Which is: "result=ERROR\nvalue=0\n---\nEVENT\nERROR 0\n"
With diff:
@@ -1,6 +1,5 @@
-result=CONTINUE
+result=ERROR
+value=0
 ---
 EVENT
-BEGIN_ARRAY
-STRING_BEGIN
-STRING_CHARS \\\\\\\"]\n
+ERROR 0\n

Case 'n_string_escaped_backslash_bad.txt' mismatched. See build/test_output/json/n_string_escaped_backslash_bad.txt/output.txt

[  FAILED  ] JSONParser/JSONParser.Case/n_string_escaped_backslash_bad, where GetParam() = 112-byte object <E0-27 6B-55 55-55 00-00 22-00 00-00 00-00 00-00 22-00 00-00 00-00 00-00 D8-5F 69-55 55-55 00-00 D0-0A 6B-55 55-55 00-00 31-00 00-00 00-00 00-00 31-00 00-00 00-00 00-00 10-5F 69-55 55-55 00-00 10-F9 6A-55 55-55 00-00 40-2F 6B-55 55-55 00-00 35-00 00-00 00-00 00-00 35-00 00-00 00-00 00-00 03-00 00-00 00-00 00-00 20-F5 6A-55 55-55 00-00> (0 ms)
[ RUN      ] JSONParser/JSONParser.Case/n_array_unclosed_trailing_comma
test/json/test_json.cpp:171: Failure
Expected equality of these values:
  actual
    Which is: "result=CONTINUE\n---\nEVENT\nBEGIN_ARRAY\nINT 1\n"
  expected
    Which is: "result=ERROR\nvalue=0\n---\nEVENT\nERROR 0\n"
With diff:
@@ -1,5 +1,5 @@
-result=CONTINUE
+result=ERROR
+value=0
 ---
 EVENT
-BEGIN_ARRAY
-INT 1\n
+ERROR 0\n

Case 'n_array_unclosed_trailing_comma.txt' mismatched. See build/test_output/json/n_array_unclosed_trailing_comma.txt/output.txt

[  FAILED  ] JSONParser/JSONParser.Case/n_array_unclosed_trailing_comma, where GetParam() = 112-byte object <30-20 6B-55 55-55 00-00 23-00 00-00 00-00 00-00 23-00 00-00 00-00 00-00 D8-5F 69-55 55-55 00-00 80-3D 6B-55 55-55 00-00 32-00 00-00 00-00 00-00 32-00 00-00 00-00 00-00 10-5F 69-55 55-55 00-00 F0-3C 6A-55 55-55 00-00 20-44 6B-55 55-55 00-00 36-00 00-00 00-00 00-00 36-00 00-00 00-00 00-00 03-00 00-00 00-00 00-00 00-39 6A-55 55-55 00-00> (0 ms)
[ RUN      ] JSONParser/JSONParser.Case/y_structure_lonely_int
test/json/test_json.cpp:171: Failure
Expected equality of these values:
  actual
    Which is: "result=DONE\n---\nEVENT\nINT 42\n"
  expected
    Which is: "result=DONE\n---\nEVENT\n"
With diff:
@@ -1,4 +1,3 @@
 result=DONE
 ---
-EVENT
-INT 42\n
+EVENT\n

Case 'y_structure_lonely_int.txt' mismatched. See build/test_output/json/y_structure_lonely_int.txt/output.txt

[  FAILED  ] JSONParser/JSONParser.Case/y_structure_lonely_int, where GetParam() = 112-byte object <80-18 6B-55 55-55 00-00 1A-00 00-00 00-00 00-00 1A-00 00-00 00-00 00-00 D8-5F 69-55 55-55 00-00 D0-3A 6B-55 55-55 00-00 29-00 00-00 00-00 00-00 29-00 00-00 00-00 00-00 10-5F 69-55 55-55 00-00 50-48 6A-55 55-55 00-00 70-41 6B-55 55-55 00-00 2D-00 00-00 00-00 00-00 2D-00 00-00 00-00 00-00 03-00 00-00 00-00 00-00 C0-43 6A-55 55-55 00-00> (0 ms)
[ RUN      ] JSONParser/JSONParser.Case/n_number__2bInf
test/json/test_json.cpp:171: Failure
Expected equality of these values:
  actual
    Which is: "result=ERROR\nvalue=225\n---\nEVENT\nBEGIN_ARRAY\nERROR 225\n"
  expected
    Which is: "result=ERROR\nvalue=0\n---\nEVENT\nERROR 0\n"
With diff:
@@ -1,6 +1,5 @@
 result=ERROR
-value=225
+value=0
 ---
 EVENT
-BEGIN_ARRAY
-ERROR 225\n
+ERROR 0\n

Case 'n_number_+Inf.txt' mismatched. See build/test_output/json/n_number_+Inf.txt/output.txt

[  FAILED  ] JSONParser/JSONParser.Case/n_number__2bInf, where GetParam() = 112-byte object <D0-BB 6B-55 55-55 00-00 11-00 00-00 00-00 00-00 11-00 00-00 00-00 00-00 D8-5F 69-55 55-55 00-00 F0-1A 6B-55 55-55 00-00 20-00 00-00 00-00 00-00 20-00 00-00 00-00 00-00 10-5F 69-55 55-55 00-00 F0-54 6A-55 55-55 00-00 70-26 6B-55 55-55 00-00 24-00 00-00 00-00 00-00 24-00 00-00 00-00 00-00 03-00 00-00 00-00 00-00 90-51 6A-55 55-55 00-00> (0 ms)
[ RUN      ] JSONParser/JSONParser.Case/i_structure_500_nested_arrays
test/json/test_json.cpp:171: Failure
Expected equality of these values:
  actual
    Which is: "result=DONE\n---\nEVENT\nBEGIN_ARRAY\nBEGIN_ARRAY\nBEGIN_ARRAY\nBEGIN_ARRAY\nBEGIN_ARRAY\nBEGIN_ARRAY\nBEGIN_ARRAY\nBEGIN_ARRAY\nBEGIN_ARRAY\nBEGIN_ARRAY\nBEGIN_ARRAY\nBEGIN_ARRAY\nBEGIN_ARRAY\nBEGIN_ARRAY\nBEGIN_ARRAY\nBEGIN_ARRAY\nBEGIN_ARRAY\nBEGIN_ARRAY\nBEGIN_ARRAY\nBEGIN_ARRAY\nBEGIN_ARRAY\nBEGIN_ARRAY\nBEGIN_ARRAY\nBEGIN_ARRAY\nBEGIN_ARRAY\nBEGIN_ARRAY\nBEGIN_ARRAY\nBEGIN_ARRAY\nBEGIN_ARRAY\nBEGIN_ARRAY\nBEGIN_ARRAY\nBEGIN_ARRAY\nBEGIN_ARRAY\nBEGIN_ARRAY\nBEGIN_ARRAY\nBEGIN_ARRAY\nBEGIN_ARRAY\nBEGIN_ARRAY\nBEGIN_ARRAY\nBEGIN_ARRAY\nBEGIN_ARRAY\nBEGIN_ARRAY\nBEGIN_ARRAY\nBEGIN_ARRAY\nBEGIN_ARRAY\nBEGIN_ARRAY\nBEGIN_ARRAY\nBEGIN_ARRAY\nBEGIN_ARRAY\nBEGIN_ARRAY\nBEGIN_ARRAY\nBEGIN_ARRAY\nBEGIN_ARRAY\nBEGIN_ARRAY\nBEGIN_ARRAY\nBEGIN_ARRAY\nBEGIN_ARRAY\nBEGIN_ARRAY\nBEGIN_ARRAY\nBEGIN_ARRAY\nBEGIN_ARRAY\nBEGIN_ARRAY\nBEGIN_ARRAY\nBEGIN_ARRAY\nBEGIN_ARRAY\nBEGIN_ARRAY\nBEGIN_ARRAY\nBEGIN_ARRAY\nBEGIN_ARRAY\nBEGIN_ARRAY\nBEGIN_ARRAY\nBEGIN_ARRAY\nBEGIN_ARRAY\nBEGIN_ARRAY\nBEGIN_ARRAY\nBEGIN_ARRAY\nBEGIN_ARRAY\nBEGIN_ARRAY\nBEGIN_ARRAY\nBEGIN_ARRAY\nBEGIN_ARRAY\nBEGIN_ARRAY\nBEGIN_ARRAY\nBEGIN_ARRAY\nBEGIN_ARRAY\nBEGIN_ARRAY\nBEGIN_ARRAY\nBEGIN_ARRAY\nBEGIN_ARRAY\nBEGIN_ARRAY\nBEGIN_ARRAY\nBEGIN_ARRAY\nBEGIN_ARRAY\nBEGIN_ARRAY\nBEGIN_ARRAY\nBEGIN_ARRAY\nBEGIN_ARRAY\nBEGIN_ARRAY\nBEGIN_ARRAY\nBEGIN_ARRAY\nBEGIN_ARRAY\nBEGIN_ARRAY\nBEGIN_ARRAY\nBEGIN_ARRAY\nBEGIN_ARRAY\nBEGIN_ARRAY\nBEGIN_ARRAY\nBEGIN_ARRAY\nBEGIN_ARRAY\nBEGIN_ARRAY\nBEGIN_ARRAY\nBEGIN_ARRAY\nBEGIN_ARRAY\nBEGIN_ARRAY\nBEGIN_ARRAY\nBEGIN_ARRAY\nBEGIN_ARRAY\nBEGIN_ARRAY\nBEGIN_ARRAY\nBEGIN_ARRAY\nBEGIN_ARRAY\nBEGIN_ARRAY\nBEGIN_ARRAY\nBEGIN_ARRAY\nBEGIN_ARRAY\nBEGIN_ARRAY\nBEGIN_ARRAY\nBEGIN_ARRAY\nBEGIN_ARRAY\nBEGIN_ARRAY\nBEGIN_ARRAY\nBEGIN_ARRAY\nBEGIN_ARRAY\nBEGIN_ARRAY\nBEGIN_ARRAY\nBEGIN_ARRAY\nBEGIN_ARRAY\nBEGIN_ARRAY\nBEGIN_ARRAY\nBEGIN_ARRAY\nBEGIN_ARRAY\nBEGIN_ARRAY\nBEGIN_ARRAY\nBEGIN_ARRAY\nBEGIN_ARRAY\nBEGIN_ARRAY\nBEGIN_ARRAY\nBEGIN_ARRAY\nBEGIN_ARRAY\nBEGIN_ARRAY\nBEGIN_ARRAY\nBEGIN_ARRAY\nBEGIN_ARRAY\nBEGIN_ARRAY\nBEGIN_ARRAY\nBEGIN_ARRAY\nBEGIN_ARRAY\nBEGIN_ARRAY\nBEGIN_ARRAY\nBEGIN_ARRAY\nBEGIN_ARRAY\nBEGIN_ARRAY\nBEGIN_ARRAY\nBEGIN_ARRAY\nBEGIN_ARRAY\nBEGIN_ARRAY\nBEGIN_ARRAY\nBEGIN_ARRAY\nBEGIN_ARRAY\nBEGIN_ARRAY\nBEGIN_ARRAY\nBEGIN_ARRAY\nBEGIN_ARRAY\nBEGIN_ARRAY\nBEGIN_ARRAY\nBEGIN_ARRAY\nBEGIN_ARRAY\nBEGIN_ARRAY\nBEGIN_ARRAY\nBEGIN_ARRAY\nBEGIN_ARRAY\nBEGIN_ARRAY\nBEGIN_ARRAY\nBEGIN_ARRAY\nBEGIN_ARRAY\nBEGIN_ARRAY\nBEGIN_ARRAY\nBEGIN_ARRAY\nBEGIN_ARRAY\nBEGIN_ARRAY\nBEGIN_ARRAY\nBEGIN_ARRAY\nBEGIN_ARRAY\nBEGIN_ARRAY\nBEGIN_ARRAY\nBEGIN_ARRAY\nBEGIN_ARRAY\nBEGIN_ARRAY\nBEGIN_ARRAY\nBEGIN_ARRAY\nBEGIN_ARRAY\nBEGIN_ARRAY\nBEGIN_ARRAY\nBEGIN_ARRAY\nBEGIN_ARRAY\nBEGIN_ARRAY\nBEGIN_ARRAY\nBEGIN_ARRAY\nBEGIN_ARRAY\nBEGIN_ARRAY\nBEGIN_ARRAY\nBEGIN_ARRAY\nBEGIN_ARRAY\nBEGIN_ARRAY\nBEGIN_ARRAY\nBEGIN_ARRAY\nBEGIN_ARRAY\nBEGIN_ARRAY\nBEGIN_ARRAY\nBEGIN_ARRAY\nBEGIN_ARRAY\nBEGIN_ARRAY\nBEGIN_ARRAY\nBEGIN_ARRAY\nBEGIN_ARRAY\nBEGIN_ARRAY\nBEGIN_ARRAY\nBEGIN_ARRAY\nBEGIN_ARRAY\nBEGIN_ARRAY\nBEGIN_ARRAY\nBEGIN_ARRAY\nBEGIN_ARRAY\nBEGIN_ARRAY\nBEGIN_ARRAY\nBEGIN_ARRAY\nBEGIN_ARRAY\nBEGIN_ARRAY\nBEGIN_ARRAY\nBEGIN_ARRAY\nBEGIN_ARRAY\nBEGIN_ARRAY\nBEGIN_ARRAY\nBEGIN_ARRAY\nBEGIN_ARRAY\nBEGIN_ARRAY\nBEGIN_ARRAY\nBEGIN_ARRAY\nBEGIN_ARRAY\nBEGIN_ARRAY\nBEGIN_ARRAY\nBEGIN_ARRAY\nBEGIN_ARRAY\nBEGIN_ARRAY\nBEGIN_ARRAY\nBEGIN_ARRAY\nBEGIN_ARRAY\nBEGIN_ARRAY\nBEGIN_ARRAY\nBEGIN_ARRAY\nBEGIN_ARRAY\nBEGIN_ARRAY\nBEGIN_ARRAY\nBEGIN_ARRAY\nBEGIN_ARRAY\nBEGIN_ARRAY\nBEGIN_ARRAY\nBEGIN_ARRAY\nBEGIN_ARRAY\nBEGIN_ARRAY\nBEGIN_ARRAY\nBEGIN_ARRAY\nBEGIN_ARRAY\nBEGIN_ARRAY\nBEGIN_ARRAY\nBEGIN_ARRAY\nBEGIN_ARRAY\nBEGIN_ARRAY\nBEGIN_ARRAY\nBEGIN_ARRAY\nBEGIN_ARRAY\nBEGIN_ARRAY\nBEGIN_ARRAY\nBEGIN_ARRAY\nBEGIN_ARRAY\nBEGIN_ARRAY\nBEGIN_ARRAY\nBEGIN_ARRAY\nBEGIN_ARRAY\nBEGIN_ARRAY\nBEGIN_ARRAY\nBEGIN_ARRAY\nBEGIN_ARRAY\nBEGIN_ARRAY\nBEGIN_ARRAY\nBEGIN_ARRAY\nBEGIN_ARRAY\nBEGIN_ARRAY\nBEGIN_ARRAY\nBEGIN_ARRAY\nBEGIN_ARRAY\nBEGIN_ARRAY\nBEGIN_ARRAY\nBEGIN_ARRAY\nBEGIN_ARRAY\nBEGIN_ARRAY\nBEGIN_ARRAY\nBEGIN_ARRAY\nBEGIN_ARRAY\nBEGIN_ARRAY\nBEGIN_ARRAY\nBEGIN_ARRAY\nBEGIN_ARRAY\nBEGIN_ARRAY\nBEGIN_ARRAY\nBEGIN_ARRAY\nBEGIN_ARRAY\nBEGIN_ARRAY\nBEGIN_ARRAY\nBEGIN_ARRAY\nBEGIN_ARRAY\nBEGIN_ARRAY\nBEGIN_ARRAY\nBEGIN_ARRAY\nBEGIN_ARRAY\nBEGIN_ARRAY\nBEGIN_ARRAY\nBEGIN_ARRAY\nBEGIN_ARRAY\nBEGIN_ARRAY\nBEGIN_ARRAY\nBEGIN_ARRAY\nBEGIN_ARRAY\nBEGIN_ARRAY\nBEGIN_ARRAY\nBEGIN_ARRAY\nBEGIN_ARRAY\nBEGIN_ARRAY\nBEGIN_ARRAY\nBEGIN_ARRAY\nBEGIN_ARRAY\nBEGIN_ARRAY\nBEGIN_ARRAY\nBEGIN_ARRAY\nBEGIN_ARRAY\nBEGIN_ARRAY\nBEGIN_ARRAY\nBEGIN_ARRAY\nBEGIN_ARRAY\nBEGIN_ARRAY\nBEGIN_ARRAY\nBEGIN_ARRAY\nBEGIN_ARRAY\nBEGIN_ARRAY\nBEGIN_ARRAY\nBEGIN_ARRAY\nBEGIN_ARRAY\nBEGIN_ARRAY\nBEGIN_ARRAY\nBEGIN_ARRAY\nBEGIN_ARRAY\nBEGIN_ARRAY\nBEGIN_ARRAY\nBEGIN_ARRAY\nBEGIN_ARRAY\nBEGIN_ARRAY\nBEGIN_ARRAY\nBEGIN_ARRAY\nBEGIN_ARRAY\nBEGIN_ARRAY\nBEGIN_ARRAY\nBEGIN_ARRAY\nBEGIN_ARRAY\nBEGIN_ARRAY\nBEGIN_ARRAY\nBEGIN_ARRAY\nBEGIN_ARRAY\nBEGIN_ARRAY\nBEGIN_ARRAY\nBEGIN_ARRAY\nBEGIN_ARRAY\nBEGIN_ARRAY\nBEGIN_ARRAY\nBEGIN_ARRAY\nBEGIN_ARRAY\nBEGIN_ARRAY\nBEGIN_ARRAY\nBEGIN_ARRAY\nBEGIN_ARRAY\nBEGIN_ARRAY\nBEGIN_ARRAY\nBEGIN_ARRAY\nBEGIN_ARRAY\nBEGIN_ARRAY\nBEGIN_ARRAY\nBEGIN_ARRAY\nBEGIN_ARRAY\nBEGIN_ARRAY\nBEGIN_ARRAY\nBEGIN_ARRAY\nBEGIN_ARRAY\nBEGIN_ARRAY\nBEGIN_ARRAY\nBEGIN_ARRAY\nBEGIN_ARRAY\nBEGIN_ARRAY\nBEGIN_ARRAY\nBEGIN_ARRAY\nBEGIN_ARRAY\nBEGIN_ARRAY\nBEGIN_ARRAY\nBEGIN_ARRAY\nBEGIN_ARRAY\nBEGIN_ARRAY\nBEGIN_ARRAY\nBEGIN_ARRAY\nBEGIN_ARRAY\nBEGIN_ARRAY\nBEGIN_ARRAY\nBEGIN_ARRAY\nBEGIN_ARRAY\nBEGIN_ARRAY\nBEGIN_ARRAY\nBEGIN_ARRAY\nBEGIN_ARRAY\nBEGIN_ARRAY\nBEGIN_ARRAY\nBEGIN_ARRAY\nBEGIN_ARRAY\nBEGIN_ARRAY\nBEGIN_ARRAY\nBEGIN_ARRAY\nBEGIN_ARRAY\nBEGIN_ARRAY\nBEGIN_ARRAY\nBEGIN_ARRAY\nBEGIN_ARRAY\nBEGIN_ARRAY\nBEGIN_ARRAY\nBEGIN_ARRAY\nBEGIN_ARRAY\nBEGIN_ARRAY\nBEGIN_ARRAY\nBEGIN_ARRAY\nBEGIN_ARRAY\nBEGIN_ARRAY\nBEGIN_ARRAY\nBEGIN_ARRAY\nBEGIN_ARRAY\nBEGIN_ARRAY\nBEGIN_ARRAY\nBEGIN_ARRAY\nBEGIN_ARRAY\nBEGIN_ARRAY\nBEGIN_ARRAY\nBEGIN_ARRAY\nBEGIN_ARRAY\nBEGIN_ARRAY\nBEGIN_ARRAY\nBEGIN_ARRAY\nBEGIN_ARRAY\nBEGIN_ARRAY\nBEGIN_ARRAY\nBEGIN_ARRAY\nBEGIN_ARRAY\nBEGIN_ARRAY\nBEGIN_ARRAY\nBEGIN_ARRAY\nBEGIN_ARRAY\nBEGIN_ARRAY\nBEGIN_ARRAY\nBEGIN_ARRAY\nBEGIN_ARRAY\nBEGIN_ARRAY\nBEGIN_ARRAY\nBEGIN_ARRAY\nBEGIN_ARRAY\nBEGIN_ARRAY\nBEGIN_ARRAY\nBEGIN_ARRAY\nBEGIN_ARRAY\nBEGIN_ARRAY\nBEGIN_ARRAY\nBEGIN_ARRAY\nBEGIN_ARRAY\nBEGIN_ARRAY\nBEGIN_ARRAY\nBEGIN_ARRAY\nBEGIN_ARRAY\nBEGIN_ARRAY\nBEGIN_ARRAY\nBEGIN_ARRAY\nBEGIN_ARRAY\nBEGIN_ARRAY\nBEGIN_ARRAY\nBEGIN_ARRAY\nBEGIN_ARRAY\nBEGIN_ARRAY\nBEGIN_ARRAY\nBEGIN_ARRAY\nEND_ARRAY\nEND_ARRAY\nEND_ARRAY\nEND_ARRAY\nEND_ARRAY\nEND_ARRAY\nEND_ARRAY\nEND_ARRAY\nEND_ARRAY\nEND_ARRAY\nEND_ARRAY\nEND_ARRAY\nEND_ARRAY\nEND_ARRAY\nEND_ARRAY\nEND_ARRAY\nEND_ARRAY\nEND_ARRAY\nEND_ARRAY\nEND_ARRAY\nEND_ARRAY\nEND_ARRAY\nEND_ARRAY\nEND_ARRAY\nEND_ARRAY\nEND_ARRAY\nEND_ARRAY\nEND_ARRAY\nEND_ARRAY\nEND_ARRAY\nEND_ARRAY\nEND_ARRAY\nEND_ARRAY\nEND_ARRAY\nEND_ARRAY\nEND_ARRAY\nEND_ARRAY\nEND_ARRAY\nEND_ARRAY\nEND_ARRAY\nEND_ARRAY\nEND_ARRAY\nEND_ARRAY\nEND_ARRAY\nEND_ARRAY\nEND_ARRAY\nEND_ARRAY\nEND_ARRAY\nEND_ARRAY\nEND_ARRAY\nEND_ARRAY\nEND_ARRAY\nEND_ARRAY\nEND_ARRAY\nEND_ARRAY\nEND_ARRAY\nEND_ARRAY\nEND_ARRAY\nEND_ARRAY\nEND_ARRAY\nEND_ARRAY\nEND_ARRAY\nEND_ARRAY\nEND_ARRAY\nEND_ARRAY\nEND_ARRAY\nEND_ARRAY\nEND_ARRAY\nEND_ARRAY\nEND_ARRAY\nEND_ARRAY\nEND_ARRAY\nEND_ARRAY\nEND_ARRAY\nEND_ARRAY\nEND_ARRAY\nEND_ARRAY\nEND_ARRAY\nEND_ARRAY\nEND_ARRAY\nEND_ARRAY\nEND_ARRAY\nEND_ARRAY\nEND_ARRAY\nEND_ARRAY\nEND_ARRAY\nEND_ARRAY\nEND_ARRAY\nEND_ARRAY\nEND_ARRAY\nEND_ARRAY\nEND_ARRAY\nEND_ARRAY\nEND_ARRAY\nEND_ARRAY\nEND_ARRAY\nEND_ARRAY\nEND_ARRAY\nEND_ARRAY\nEND_ARRAY\nEND_ARRAY\nEND_ARRAY\nEND_ARRAY\nEND_ARRAY\nEND_ARRAY\nEND_ARRAY\nEND_ARRAY\nEND_ARRAY\nEND_ARRAY\nEND_ARRAY\nEND_ARRAY\nEND_ARRAY\nEND_ARRAY\nEND_ARRAY\nEND_ARRAY\nEND_ARRAY\nEND_ARRAY\nEND_ARRAY\nEND_ARRAY\nEND_ARRAY\nEND_ARRAY\nEND_ARRAY\nEND_ARRAY\nEND_ARRAY\nEND_ARRAY\nEND_ARRAY\nEND_ARRAY\nEND_ARRAY\nEND_ARRAY\nEND_ARRAY\nEND_ARRAY\nEND_ARRAY\nEND_ARRAY\nEND_ARRAY\nEND_ARRAY\nEND_ARRAY\nEND_ARRAY\nEND_ARRAY\nEND_ARRAY\nEND_ARRAY\nEND_ARRAY\nEND_ARRAY\nEND_ARRAY\nEND_ARRAY\nEND_ARRAY\nEND_ARRAY\nEND_ARRAY\nEND_ARRAY\nEND_ARRAY\nEND_ARRAY\nEND_ARRAY\nEND_ARRAY\nEND_ARRAY\nEND_ARRAY\nEND_ARRAY\nEND_ARRAY\nEND_ARRAY\nEND_ARRAY\nEND_ARRAY\nEND_ARRAY\nEND_ARRAY\nEND_ARRAY\nEND_ARRAY\nEND_ARRAY\nEND_ARRAY\nEND_ARRAY\nEND_ARRAY\nEND_ARRAY\nEND_ARRAY\nEND_ARRAY\nEND_ARRAY\nEND_ARRAY\nEND_ARRAY\nEND_ARRAY\nEND_ARRAY\nEND_ARRAY\nEND_ARRAY\nEND_ARRAY\nEND_ARRAY\nEND_ARRAY\nEND_ARRAY\nEND_ARRAY\nEND_ARRAY\nEND_ARRAY\nEND_ARRAY\nEND_ARRAY\nEND_ARRAY\nEND_ARRAY\nEND_ARRAY\nEND_ARRAY\nEND_ARRAY\nEND_ARRAY\nEND_ARRAY\nEND_ARRAY\nEND_ARRAY\nEND_ARRAY\nEND_ARRAY\nEND_ARRAY\nEND_ARRAY\nEND_ARRAY\nEND_ARRAY\nEND_ARRAY\nEND_ARRAY\nEND_ARRAY\nEND_ARRAY\nEND_ARRAY\nEND_ARRAY\nEND_ARRAY\nEND_ARRAY\nEND_ARRAY\nEND_ARRAY\nEND_ARRAY\nEND_ARRAY\nEND_ARRAY\nEND_ARRAY\nEND_ARRAY\nEND_ARRAY\nEND_ARRAY\nEND_ARRAY\nEND_ARRAY\nEND_ARRAY\nEND_ARRAY\nEND_ARRAY\nEND_ARRAY\nEND_ARRAY\nEND_ARRAY\nEND_ARRAY\nEND_ARRAY\nEND_ARRAY\nEND_ARRAY\nEND_ARRAY\nEND_ARRAY\nEND_ARRAY\nEND_ARRAY\nEND_ARRAY\nEND_ARRAY\nEND_ARRAY\nEND_ARRAY\nEND_ARRAY\nEND_ARRAY\nEND_ARRAY\nEND_ARRAY\nEND_ARRAY\nEND_ARRAY\nEND_ARRAY\nEND_ARRAY\nEND_ARRAY\nEND_ARRAY\nEND_ARRAY\nEND_ARRAY\nEND_ARRAY\nEND_ARRAY\nEND_ARRAY\nEND_ARRAY\nEND_ARRAY\nEND_ARRAY\nEND_ARRAY\nEND_ARRAY\nEND_ARRAY\nEND_ARRAY\nEND_ARRAY\nEND_ARRAY\nEND_ARRAY\nEND_ARRAY\nEND_ARRAY\nEND_ARRAY\nEND_ARRAY\nEND_ARRAY\nEND_ARRAY\nEND_ARRAY\nEND_ARRAY\nEND_ARRAY\nEND_ARRAY\nEND_ARRAY\nEND_ARRAY\nEND_ARRAY\nEND_ARRAY\nEND_ARRAY\nEND_ARRAY\nEND_ARRAY\nEND_ARRAY\nEND_ARRAY\nEND_ARRAY\nEND_ARRAY\nEND_ARRAY\nEND_ARRAY\nEND_ARRAY\nEND_ARRAY\nEND_ARRAY\nEND_ARRAY\nEND_ARRAY\nEND_ARRAY\nEND_ARRAY\nEND_ARRAY\nEND_ARRAY\nEND_ARRAY\nEND_ARRAY\nEND_ARRAY\nEND_ARRAY\nEND_ARRAY\nEND_ARRAY\nEND_ARRAY\nEND_ARRAY\nEND_ARRAY\nEND_ARRAY\nEND_ARRAY\nEND_ARRAY\nEND_ARRAY\nEND_ARRAY\nEND_ARRAY\nEND_ARRAY\nEND_ARRAY\nEND_ARRAY\nEND_ARRAY\nEND_ARRAY\nEND_ARRAY\nEND_ARRAY\nEND_ARRAY\nEND_ARRAY\nEND_ARRAY\nEND_ARRAY\nEND_ARRAY\nEND_ARRAY\nEND_ARRAY\nEND_ARRAY\nEND_ARRAY\nEND_ARRAY\nEND_ARRAY\nEND_ARRAY\nEND_ARRAY\nEND_ARRAY\nEND_ARRAY\nEND_ARRAY\nEND_ARRAY\nEND_ARRAY\nEND_ARRAY\nEND_ARRAY\nEND_ARRAY\nEND_ARRAY\nEND_ARRAY\nEND_ARRAY\nEND_ARRAY\nEND_ARRAY\nEND_ARRAY\nEND_ARRAY\nEND_ARRAY\nEND_ARRAY\nEND_ARRAY\nEND_ARRAY\nEND_ARRAY\nEND_ARRAY\nEND_ARRAY\nEND_ARRAY\nEND_ARRAY\nEND_ARRAY\nEND_ARRAY\nEND_ARRAY\nEND_ARRAY\nEND_ARRAY\nEND_ARRAY\nEND_ARRAY\nEND_ARRAY\nEND_ARRAY\nEND_ARRAY\nEND_ARRAY\nEND_ARRAY\nEND_ARRAY\nEND_ARRAY\nEND_ARRAY\nEND_ARRAY\nEND_ARRAY\nEND_ARRAY\nEND_ARRAY\nEND_ARRAY\nEND_ARRAY\nEND_ARRAY\nEND_ARRAY\nEND_ARRAY\nEND_ARRAY\nEND_ARRAY\nEND_ARRAY\nEND_ARRAY\nEND_ARRAY\nEND_ARRAY\nEND_ARRAY\nEND_ARRAY\nEND_ARRAY\nEND_ARRAY\nEND_ARRAY\nEND_ARRAY\nEND_ARRAY\nEND_ARRAY\nEND_ARRAY\nEND_ARRAY\nEND_ARRAY\nEND_ARRAY\nEND_ARRAY\nEND_ARRAY\nEND_ARRAY\nEND_ARRAY\nEND_ARRAY\nEND_ARRAY\nEND_ARRAY\nEND_ARRAY\nEND_ARRAY\nEND_ARRAY\nEND_ARRAY\nEND_ARRAY\nEND_ARRAY\nEND_ARRAY\nEND_ARRAY\nEND_ARRAY\nEND_ARRAY\nEND_ARRAY\nEND_ARRAY\nEND_ARRAY\nEND_ARRAY\nEND_ARRAY\nEND_ARRAY\nEND_ARRAY\nEND_ARRAY\nEND_ARRAY\nEND_ARRAY\nEND_ARRAY\nEND_ARRAY\nEND_ARRAY\nEND_ARRAY\nEND_ARRAY\nEND_ARRAY\nEND_ARRAY\nEND_ARRAY\nEND_ARRAY\nEND_ARRAY\nEND_ARRAY\nEND_ARRAY\nEND_ARRAY\nEND_ARRAY\nEND_ARRAY\nEND_ARRAY\nEND_ARRAY\nEND_ARRAY\nEND_ARRAY\nEND_ARRAY\nEND_ARRAY\nEND_ARRAY\nEND_ARRAY\nEND_ARRAY\nEND_ARRAY\nEND_ARRAY\nEND_ARRAY\nEND_ARRAY\nEND_ARRAY\nEND_ARRAY\nEND_ARRAY\nEND_ARRAY\nEND_ARRAY\nEND_ARRAY\nEND_ARRAY\nEND_ARRAY\nEND_ARRAY\nEND_ARRAY\nEND_ARRAY\nEND_ARRAY\nEND_ARRAY\nEND_ARRAY\nEND_ARRAY\nEND_ARRAY\nEND_ARRAY\nEND_ARRAY\nEND_ARRAY\nEND_ARRAY\nEND_ARRAY\nEND_ARRAY\nEND_ARRAY\nEND_ARRAY\nEND_ARRAY\nEND_ARRAY\nEND_ARRAY\nEND_ARRAY\nEND_ARRAY\nEND_ARRAY\nEND_ARRAY\nEND_ARRAY\nEND_ARRAY\nEND_ARRAY\nEND_ARRAY\nEND_ARRAY\nEND_ARRAY\nEND_ARRAY\nEND_ARRAY\nEND_ARRAY\nEND_ARRAY\nEND_ARRAY\nEND_ARRAY\nEND_ARRAY\nEND_ARRAY\nEND_ARRAY\nEND_ARRAY\nEND_ARRAY\nEND_ARRAY\n"
  expected
    Which is: "result=DONE\n---\nEVENT\n"
With diff:
@@ -1,1003 +1,3 @@
 result=DONE
 ---
-EVENT
-BEGIN_ARRAY
-BEGIN_ARRAY
-BEGIN_ARRAY
-BEGIN_ARRAY
-BEGIN_ARRAY
-BEGIN_ARRAY
-BEGIN_ARRAY
-BEGIN_ARRAY
-BEGIN_ARRAY
-BEGIN_ARRAY
-BEGIN_ARRAY
-BEGIN_ARRAY
-BEGIN_ARRAY
-BEGIN_ARRAY
-BEGIN_ARRAY
-BEGIN_ARRAY
-BEGIN_ARRAY
-BEGIN_ARRAY
-BEGIN_ARRAY
-BEGIN_ARRAY
-BEGIN_ARRAY
-BEGIN_ARRAY
-BEGIN_ARRAY
-BEGIN_ARRAY
-BEGIN_ARRAY
-BEGIN_ARRAY
-BEGIN_ARRAY
-BEGIN_ARRAY
-BEGIN_ARRAY
-BEGIN_ARRAY
-BEGIN_ARRAY
-BEGIN_ARRAY
-BEGIN_ARRAY
-BEGIN_ARRAY
-BEGIN_ARRAY
-BEGIN_ARRAY
-BEGIN_ARRAY
-BEGIN_ARRAY
-BEGIN_ARRAY
-BEGIN_ARRAY
-BEGIN_ARRAY
-BEGIN_ARRAY
-BEGIN_ARRAY
-BEGIN_ARRAY
-BEGIN_ARRAY
-BEGIN_ARRAY
-BEGIN_ARRAY
-BEGIN_ARRAY
-BEGIN_ARRAY
-BEGIN_ARRAY
-BEGIN_ARRAY
-BEGIN_ARRAY
-BEGIN_ARRAY
-BEGIN_ARRAY
-BEGIN_ARRAY
-BEGIN_ARRAY
-BEGIN_ARRAY
-BEGIN_ARRAY
-BEGIN_ARRAY
-BEGIN_ARRAY
-BEGIN_ARRAY
-BEGIN_ARRAY
-BEGIN_ARRAY
-BEGIN_ARRAY
-BEGIN_ARRAY
-BEGIN_ARRAY
-BEGIN_ARRAY
-BEGIN_ARRAY
-BEGIN_ARRAY
-BEGIN_ARRAY
-BEGIN_ARRAY
-BEGIN_ARRAY
-BEGIN_ARRAY
-BEGIN_ARRAY
-BEGIN_ARRAY
-BEGIN_ARRAY
-BEGIN_ARRAY
-BEGIN_ARRAY
-BEGIN_ARRAY
-BEGIN_ARRAY
-BEGIN_ARRAY
-BEGIN_ARRAY
-BEGIN_ARRAY
-BEGIN_ARRAY
-BEGIN_ARRAY
-BEGIN_ARRAY
-BEGIN_ARRAY
-BEGIN_ARRAY
-BEGIN_ARRAY
-BEGIN_ARRAY
-BEGIN_ARRAY
-BEGIN_ARRAY
-BEGIN_ARRAY
-BEGIN_ARRAY
-BEGIN_ARRAY
-BEGIN_ARRAY
-BEGIN_ARRAY
-BEGIN_ARRAY
-BEGIN_ARRAY
-BEGIN_ARRAY
-BEGIN_ARRAY
-BEGIN_ARRAY
-BEGIN_ARRAY
-BEGIN_ARRAY
-BEGIN_ARRAY
-BEGIN_ARRAY
-BEGIN_ARRAY
-BEGIN_ARRAY
-BEGIN_ARRAY
-BEGIN_ARRAY
-BEGIN_ARRAY
-BEGIN_ARRAY
-BEGIN_ARRAY
-BEGIN_ARRAY
-BEGIN_ARRAY
-BEGIN_ARRAY
-BEGIN_ARRAY
-BEGIN_ARRAY
-BEGIN_ARRAY
-BEGIN_ARRAY
-BEGIN_ARRAY
-BEGIN_ARRAY
-BEGIN_ARRAY
-BEGIN_ARRAY
-BEGIN_ARRAY
-BEGIN_ARRAY
-BEGIN_ARRAY
-BEGIN_ARRAY
-BEGIN_ARRAY
-BEGIN_ARRAY
-BEGIN_ARRAY
-BEGIN_ARRAY
-BEGIN_ARRAY
-BEGIN_ARRAY
-BEGIN_ARRAY
-BEGIN_ARRAY
-BEGIN_ARRAY
-BEGIN_ARRAY
-BEGIN_ARRAY
-BEGIN_ARRAY
-BEGIN_ARRAY
-BEGIN_ARRAY
-BEGIN_ARRAY
-BEGIN_ARRAY
-BEGIN_ARRAY
-BEGIN_ARRAY
-BEGIN_ARRAY
-BEGIN_ARRAY
-BEGIN_ARRAY
-BEGIN_ARRAY
-BEGIN_ARRAY
-BEGIN_ARRAY
-BEGIN_ARRAY
-BEGIN_ARRAY
-BEGIN_ARRAY
-BEGIN_ARRAY
-BEGIN_ARRAY
-BEGIN_ARRAY
-BEGIN_ARRAY
-BEGIN_ARRAY
-BEGIN_ARRAY
-BEGIN_ARRAY
-BEGIN_ARRAY
-BEGIN_ARRAY
-BEGIN_ARRAY
-BEGIN_ARRAY
-BEGIN_ARRAY
-BEGIN_ARRAY
-BEGIN_ARRAY
-BEGIN_ARRAY
-BEGIN_ARRAY
-BEGIN_ARRAY
-BEGIN_ARRAY
-BEGIN_ARRAY
-BEGIN_ARRAY
-BEGIN_ARRAY
-BEGIN_ARRAY
-BEGIN_ARRAY
-BEGIN_ARRAY
-BEGIN_ARRAY
-BEGIN_ARRAY
-BEGIN_ARRAY
-BEGIN_ARRAY
-BEGIN_ARRAY
-BEGIN_ARRAY
-BEGIN_ARRAY
-BEGIN_ARRAY
-BEGIN_ARRAY
-BEGIN_ARRAY
-BEGIN_ARRAY
-BEGIN_ARRAY
-BEGIN_ARRAY
-BEGIN_ARRAY
-BEGIN_ARRAY
-BEGIN_ARRAY
-BEGIN_ARRAY
-BEGIN_ARRAY
-BEGIN_ARRAY
-BEGIN_ARRAY
-BEGIN_ARRAY
-BEGIN_ARRAY
-BEGIN_ARRAY
-BEGIN_ARRAY
-BEGIN_ARRAY
-BEGIN_ARRAY
-BEGIN_ARRAY
-BEGIN_ARRAY
-BEGIN_ARRAY
-BEGIN_ARRAY
-BEGIN_ARRAY
-BEGIN_ARRAY
-BEGIN_ARRAY
-BEGIN_ARRAY
-BEGIN_ARRAY
-BEGIN_ARRAY
-BEGIN_ARRAY
-BEGIN_ARRAY
-BEGIN_ARRAY
-BEGIN_ARRAY
-BEGIN_ARRAY
-BEGIN_ARRAY
-BEGIN_ARRAY
-BEGIN_ARRAY
-BEGIN_ARRAY
-BEGIN_ARRAY
-BEGIN_ARRAY
-BEGIN_ARRAY
-BEGIN_ARRAY
-BEGIN_ARRAY
-BEGIN_ARRAY
-BEGIN_ARRAY
-BEGIN_ARRAY
-BEGIN_ARRAY
-BEGIN_ARRAY
-BEGIN_ARRAY
-BEGIN_ARRAY
-BEGIN_ARRAY
-BEGIN_ARRAY
-BEGIN_ARRAY
-BEGIN_ARRAY
-BEGIN_ARRAY
-BEGIN_ARRAY
-BEGIN_ARRAY
-BEGIN_ARRAY
-BEGIN_ARRAY
-BEGIN_ARRAY
-BEGIN_ARRAY
-BEGIN_ARRAY
-BEGIN_ARRAY
-BEGIN_ARRAY
-BEGIN_ARRAY
-BEGIN_ARRAY
-BEGIN_ARRAY
-BEGIN_ARRAY
-BEGIN_ARRAY
-BEGIN_ARRAY
-BEGIN_ARRAY
-BEGIN_ARRAY
-BEGIN_ARRAY
-BEGIN_ARRAY
-BEGIN_ARRAY
-BEGIN_ARRAY
-BEGIN_ARRAY
-BEGIN_ARRAY
-BEGIN_ARRAY
-BEGIN_ARRAY
-BEGIN_ARRAY
-BEGIN_ARRAY
-BEGIN_ARRAY
-BEGIN_ARRAY
-BEGIN_ARRAY
-BEGIN_ARRAY
-BEGIN_ARRAY
-BEGIN_ARRAY
-BEGIN_ARRAY
-BEGIN_ARRAY
-BEGIN_ARRAY
-BEGIN_ARRAY
-BEGIN_ARRAY
-BEGIN_ARRAY
-BEGIN_ARRAY
-BEGIN_ARRAY
-BEGIN_ARRAY
-BEGIN_ARRAY
-BEGIN_ARRAY
-BEGIN_ARRAY
-BEGIN_ARRAY
-BEGIN_ARRAY
-BEGIN_ARRAY
-BEGIN_ARRAY
-BEGIN_ARRAY
-BEGIN_ARRAY
-BEGIN_ARRAY
-BEGIN_ARRAY
-BEGIN_ARRAY
-BEGIN_ARRAY
-BEGIN_ARRAY
-BEGIN_ARRAY
-BEGIN_ARRAY
-BEGIN_ARRAY
-BEGIN_ARRAY
-BEGIN_ARRAY
-BEGIN_ARRAY
-BEGIN_ARRAY
-BEGIN_ARRAY
-BEGIN_ARRAY
-BEGIN_ARRAY
-BEGIN_ARRAY
-BEGIN_ARRAY
-BEGIN_ARRAY
-BEGIN_ARRAY
-BEGIN_ARRAY
-BEGIN_ARRAY
-BEGIN_ARRAY
-BEGIN_ARRAY
-BEGIN_ARRAY
-BEGIN_ARRAY
-BEGIN_ARRAY
-BEGIN_ARRAY
-BEGIN_ARRAY
-BEGIN_ARRAY
-BEGIN_ARRAY
-BEGIN_ARRAY
-BEGIN_ARRAY
-BEGIN_ARRAY
-BEGIN_ARRAY
-BEGIN_ARRAY
-BEGIN_ARRAY
-BEGIN_ARRAY
-BEGIN_ARRAY
-BEGIN_ARRAY
-BEGIN_ARRAY
-BEGIN_ARRAY
-BEGIN_ARRAY
-BEGIN_ARRAY
-BEGIN_ARRAY
-BEGIN_ARRAY
-BEGIN_ARRAY
-BEGIN_ARRAY
-BEGIN_ARRAY
-BEGIN_ARRAY
-BEGIN_ARRAY
-BEGIN_ARRAY
-BEGIN_ARRAY
-BEGIN_ARRAY
-BEGIN_ARRAY
-BEGIN_ARRAY
-BEGIN_ARRAY
-BEGIN_ARRAY
-BEGIN_ARRAY
-BEGIN_ARRAY
-BEGIN_ARRAY
-BEGIN_ARRAY
-BEGIN_ARRAY
-BEGIN_ARRAY
-BEGIN_ARRAY
-BEGIN_ARRAY
-BEGIN_ARRAY
-BEGIN_ARRAY
-BEGIN_ARRAY
-BEGIN_ARRAY
-BEGIN_ARRAY
-BEGIN_ARRAY
-BEGIN_ARRAY
-BEGIN_ARRAY
-BEGIN_ARRAY
-BEGIN_ARRAY
-BEGIN_ARRAY
-BEGIN_ARRAY
-BEGIN_ARRAY
-BEGIN_ARRAY
-BEGIN_ARRAY
-BEGIN_ARRAY
-BEGIN_ARRAY
-BEGIN_ARRAY
-BEGIN_ARRAY
-BEGIN_ARRAY
-BEGIN_ARRAY
-BEGIN_ARRAY
-BEGIN_ARRAY
-BEGIN_ARRAY
-BEGIN_ARRAY
-BEGIN_ARRAY
-BEGIN_ARRAY
-BEGIN_ARRAY
-BEGIN_ARRAY
-BEGIN_ARRAY
-BEGIN_ARRAY
-BEGIN_ARRAY
-BEGIN_ARRAY
-BEGIN_ARRAY
-BEGIN_ARRAY
-BEGIN_ARRAY
-BEGIN_ARRAY
-BEGIN_ARRAY
-BEGIN_ARRAY
-BEGIN_ARRAY
-BEGIN_ARRAY
-BEGIN_ARRAY
-BEGIN_ARRAY
-BEGIN_ARRAY
-BEGIN_ARRAY
-BEGIN_ARRAY
-BEGIN_ARRAY
-BEGIN_ARRAY
-BEGIN_ARRAY
-BEGIN_ARRAY
-BEGIN_ARRAY
-BEGIN_ARRAY
-BEGIN_ARRAY
-BEGIN_ARRAY
-BEGIN_ARRAY
-BEGIN_ARRAY
-BEGIN_ARRAY
-BEGIN_ARRAY
-BEGIN_ARRAY
-BEGIN_ARRAY
-BEGIN_ARRAY
-BEGIN_ARRAY
-BEGIN_ARRAY
-BEGIN_ARRAY
-BEGIN_ARRAY
-BEGIN_ARRAY
-BEGIN_ARRAY
-BEGIN_ARRAY
-BEGIN_ARRAY
-BEGIN_ARRAY
-BEGIN_ARRAY
-BEGIN_ARRAY
-BEGIN_ARRAY
-BEGIN_ARRAY
-BEGIN_ARRAY
-BEGIN_ARRAY
-BEGIN_ARRAY
-BEGIN_ARRAY
-BEGIN_ARRAY
-BEGIN_ARRAY
-BEGIN_ARRAY
-BEGIN_ARRAY
-BEGIN_ARRAY
-BEGIN_ARRAY
-BEGIN_ARRAY
-BEGIN_ARRAY
-BEGIN_ARRAY
-BEGIN_ARRAY
-BEGIN_ARRAY
-BEGIN_ARRAY
-BEGIN_ARRAY
-BEGIN_ARRAY
-BEGIN_ARRAY
-BEGIN_ARRAY
-BEGIN_ARRAY
-BEGIN_ARRAY
-BEGIN_ARRAY
-BEGIN_ARRAY
-BEGIN_ARRAY
-BEGIN_ARRAY
-BEGIN_ARRAY
-BEGIN_ARRAY
-BEGIN_ARRAY
-BEGIN_ARRAY
-BEGIN_ARRAY
-BEGIN_ARRAY
-BEGIN_ARRAY
-BEGIN_ARRAY
-BEGIN_ARRAY
-BEGIN_ARRAY
-BEGIN_ARRAY
-BEGIN_ARRAY
-BEGIN_ARRAY
-BEGIN_ARRAY
-BEGIN_ARRAY
-BEGIN_ARRAY
-BEGIN_ARRAY
-BEGIN_ARRAY
-BEGIN_ARRAY
-BEGIN_ARRAY
-BEGIN_ARRAY
-BEGIN_ARRAY
-BEGIN_ARRAY
-BEGIN_ARRAY
-BEGIN_ARRAY
-BEGIN_ARRAY
-BEGIN_ARRAY
-BEGIN_ARRAY
-BEGIN_ARRAY
-BEGIN_ARRAY
-BEGIN_ARRAY
-BEGIN_ARRAY
-BEGIN_ARRAY
-BEGIN_ARRAY
-BEGIN_ARRAY
-BEGIN_ARRAY
-BEGIN_ARRAY
-BEGIN_ARRAY
-BEGIN_ARRAY
-BEGIN_ARRAY
-BEGIN_ARRAY
-BEGIN_ARRAY
-BEGIN_ARRAY
-END_ARRAY
-END_ARRAY
-END_ARRAY
-END_ARRAY
-END_ARRAY
-END_ARRAY
-END_ARRAY
-END_ARRAY
-END_ARRAY
-END_ARRAY
-END_ARRAY
-END_ARRAY
-END_ARRAY
-END_ARRAY
-END_ARRAY
-END_ARRAY
-END_ARRAY
-END_ARRAY
-END_ARRAY
-END_ARRAY
-END_ARRAY
-END_ARRAY
-END_ARRAY
-END_ARRAY
-END_ARRAY
-END_ARRAY
-END_ARRAY
-END_ARRAY
-END_ARRAY
-END_ARRAY
-END_ARRAY
-END_ARRAY
-END_ARRAY
-END_ARRAY
-END_ARRAY
-END_ARRAY
-END_ARRAY
-END_ARRAY
-END_ARRAY
-END_ARRAY
-END_ARRAY
-END_ARRAY
-END_ARRAY
-END_ARRAY
-END_ARRAY
-END_ARRAY
-END_ARRAY
-END_ARRAY
-END_ARRAY
-END_ARRAY
-END_ARRAY
-END_ARRAY
-END_ARRAY
-END_ARRAY
-END_ARRAY
-END_ARRAY
-END_ARRAY
-END_ARRAY
-END_ARRAY
-END_ARRAY
-END_ARRAY
-END_ARRAY
-END_ARRAY
-END_ARRAY
-END_ARRAY
-END_ARRAY
-END_ARRAY
-END_ARRAY
-END_ARRAY
-END_ARRAY
-END_ARRAY
-END_ARRAY
-END_ARRAY
-END_ARRAY
-END_ARRAY
-END_ARRAY
-END_ARRAY
-END_ARRAY
-END_ARRAY
-END_ARRAY
-END_ARRAY
-END_ARRAY
-END_ARRAY
-END_ARRAY
-END_ARRAY
-END_ARRAY
-END_ARRAY
-END_ARRAY
-END_ARRAY
-END_ARRAY
-END_ARRAY
-END_ARRAY
-END_ARRAY
-END_ARRAY
-END_ARRAY
-END_ARRAY
-END_ARRAY
-END_ARRAY
-END_ARRAY
-END_ARRAY
-END_ARRAY
-END_ARRAY
-END_ARRAY
-END_ARRAY
-END_ARRAY
-END_ARRAY
-END_ARRAY
-END_ARRAY
-END_ARRAY
-END_ARRAY
-END_ARRAY
-END_ARRAY
-END_ARRAY
-END_ARRAY
-END_ARRAY
-END_ARRAY
-END_ARRAY
-END_ARRAY
-END_ARRAY
-END_ARRAY
-END_ARRAY
-END_ARRAY
-END_ARRAY
-END_ARRAY
-END_ARRAY
-END_ARRAY
-END_ARRAY
-END_ARRAY
-END_ARRAY
-END_ARRAY
-END_ARRAY
-END_ARRAY
-END_ARRAY
-END_ARRAY
-END_ARRAY
-END_ARRAY
-END_ARRAY
-END_ARRAY
-END_ARRAY
-END_ARRAY
-END_ARRAY
-END_ARRAY
-END_ARRAY
-END_ARRAY
-END_ARRAY
-END_ARRAY
-END_ARRAY
-END_ARRAY
-END_ARRAY
-END_ARRAY
-END_ARRAY
-END_ARRAY
-END_ARRAY
-END_ARRAY
-END_ARRAY
-END_ARRAY
-END_ARRAY
-END_ARRAY
-END_ARRAY
-END_ARRAY
-END_ARRAY
-END_ARRAY
-END_ARRAY
-END_ARRAY
-END_ARRAY
-END_ARRAY
-END_ARRAY
-END_ARRAY
-END_ARRAY
-END_ARRAY
-END_ARRAY
-END_ARRAY
-END_ARRAY
-END_ARRAY
-END_ARRAY
-END_ARRAY
-END_ARRAY
-END_ARRAY
-END_ARRAY
-END_ARRAY
-END_ARRAY
-END_ARRAY
-END_ARRAY
-END_ARRAY
-END_ARRAY
-END_ARRAY
-END_ARRAY
-END_ARRAY
-END_ARRAY
-END_ARRAY
-END_ARRAY
-END_ARRAY
-END_ARRAY
-END_ARRAY
-END_ARRAY
-END_ARRAY
-END_ARRAY
-END_ARRAY
-END_ARRAY
-END_ARRAY
-END_ARRAY
-END_ARRAY
-END_ARRAY
-END_ARRAY
-END_ARRAY
-END_ARRAY
-END_ARRAY
-END_ARRAY
-END_ARRAY
-END_ARRAY
-END_ARRAY
-END_ARRAY
-END_ARRAY
-END_ARRAY
-END_ARRAY
-END_ARRAY
-END_ARRAY
-END_ARRAY
-END_ARRAY
-END_ARRAY
-END_ARRAY
-END_ARRAY
-END_ARRAY
-END_ARRAY
-END_ARRAY
-END_ARRAY
-END_ARRAY
-END_ARRAY
-END_ARRAY
-END_ARRAY
-END_ARRAY
-END_ARRAY
-END_ARRAY
-END_ARRAY
-END_ARRAY
-END_ARRAY
-END_ARRAY
-END_ARRAY
-END_ARRAY
-END_ARRAY
-END_ARRAY
-END_ARRAY
-END_ARRAY
-END_ARRAY
-END_ARRAY
-END_ARRAY
-END_ARRAY
-END_ARRAY
-END_ARRAY
-END_ARRAY
-END_ARRAY
-END_ARRAY
-END_ARRAY
-END_ARRAY
-END_ARRAY
-END_ARRAY
-END_ARRAY
-END_ARRAY
-END_ARRAY
-END_ARRAY
-END_ARRAY
-END_ARRAY
-END_ARRAY
-END_ARRAY
-END_ARRAY
-END_ARRAY
-END_ARRAY
-END_ARRAY
-END_ARRAY
-END_ARRAY
-END_ARRAY
-END_ARRAY
-END_ARRAY
-END_ARRAY
-END_ARRAY
-END_ARRAY
-END_ARRAY
-END_ARRAY
-END_ARRAY
-END_ARRAY
-END_ARRAY
-END_ARRAY
-END_ARRAY
-END_ARRAY
-END_ARRAY
-END_ARRAY
-END_ARRAY
-END_ARRAY
-END_ARRAY
-END_ARRAY
-END_ARRAY
-END_ARRAY
-END_ARRAY
-END_ARRAY
-END_ARRAY
-END_ARRAY
-END_ARRAY
-END_ARRAY
-END_ARRAY
-END_ARRAY
-END_ARRAY
-END_ARRAY
-END_ARRAY
-END_ARRAY
-END_ARRAY
-END_ARRAY
-END_ARRAY
-END_ARRAY
-END_ARRAY
-END_ARRAY
-END_ARRAY
-END_ARRAY
-END_ARRAY
-END_ARRAY
-END_ARRAY
-END_ARRAY
-END_ARRAY
-END_ARRAY
-END_ARRAY
-END_ARRAY
-END_ARRAY
-END_ARRAY
-END_ARRAY
-END_ARRAY
-END_ARRAY
-END_ARRAY
-END_ARRAY
-END_ARRAY
-END_ARRAY
-END_ARRAY
-END_ARRAY
-END_ARRAY
-END_ARRAY
-END_ARRAY
-END_ARRAY
-END_ARRAY
-END_ARRAY
-END_ARRAY
-END_ARRAY
-END_ARRAY
-END_ARRAY
-END_ARRAY
-END_ARRAY
-END_ARRAY
-END_ARRAY
-END_ARRAY
-END_ARRAY
-END_ARRAY
-END_ARRAY
-END_ARRAY
-END_ARRAY
-END_ARRAY
-END_ARRAY
-END_ARRAY
-END_ARRAY
-END_ARRAY
-END_ARRAY
-END_ARRAY
-END_ARRAY
-END_ARRAY
-END_ARRAY
-END_ARRAY
-END_ARRAY
-END_ARRAY
-END_ARRAY
-END_ARRAY
-END_ARRAY
-END_ARRAY
-END_ARRAY
-END_ARRAY
-END_ARRAY
-END_ARRAY
-END_ARRAY
-END_ARRAY
-END_ARRAY
-END_ARRAY
-END_ARRAY
-END_ARRAY
-END_ARRAY
-END_ARRAY
-END_ARRAY
-END_ARRAY
-END_ARRAY
-END_ARRAY
-END_ARRAY
-END_ARRAY
-END_ARRAY
-END_ARRAY
-END_ARRAY
-END_ARRAY
-END_ARRAY
-END_ARRAY
-END_ARRAY
-END_ARRAY
-END_ARRAY
-END_ARRAY
-END_ARRAY
-END_ARRAY
-END_ARRAY
-END_ARRAY
-END_ARRAY
-END_ARRAY
-END_ARRAY
-END_ARRAY
-END_ARRAY
-END_ARRAY
-END_ARRAY
-END_ARRAY
-END_ARRAY
-END_ARRAY
-END_ARRAY
-END_ARRAY
-END_ARRAY
-END_ARRAY
-END_ARRAY
-END_ARRAY
-END_ARRAY
-END_ARRAY
-END_ARRAY
-END_ARRAY
-END_ARRAY
-END_ARRAY
-END_ARRAY
-END_ARRAY
-END_ARRAY
-END_ARRAY
-END_ARRAY
-END_ARRAY
-END_ARRAY
-END_ARRAY
-END_ARRAY
-END_ARRAY
-END_ARRAY
-END_ARRAY
-END_ARRAY
-END_ARRAY
-END_ARRAY
-END_ARRAY
-END_ARRAY
-END_ARRAY
-END_ARRAY
-END_ARRAY
-END_ARRAY
-END_ARRAY
-END_ARRAY
-END_ARRAY
-END_ARRAY
-END_ARRAY
-END_ARRAY
-END_ARRAY
-END_ARRAY
-END_ARRAY
-END_ARRAY
-END_ARRAY
-END_ARRAY
-END_ARRAY
-END_ARRAY
-END_ARRAY
-END_ARRAY
-END_ARRAY
-END_ARRAY
-END_ARRAY
-END_ARRAY
-END_ARRAY
-END_ARRAY
-END_ARRAY
-END_ARRAY
-END_ARRAY
-END_ARRAY
-END_ARRAY
-END_ARRAY
-END_ARRAY
-END_ARRAY
-END_ARRAY
-END_ARRAY
-END_ARRAY
-END_ARRAY
-END_ARRAY
-END_ARRAY
-END_ARRAY
-END_ARRAY
-END_ARRAY
-END_ARRAY
-END_ARRAY
-END_ARRAY
-END_ARRAY
-END_ARRAY
-END_ARRAY
-END_ARRAY
-END_ARRAY
-END_ARRAY
-END_ARRAY
-END_ARRAY
-END_ARRAY
-END_ARRAY
-END_ARRAY
-END_ARRAY
-END_ARRAY
-END_ARRAY
-END_ARRAY\n
+EVENT\n

Case 'i_structure_500_nested_arrays.txt' mismatched. See build/test_output/json/i_structure_500_nested_arrays.txt/output.txt

[  FAILED  ] JSONParser/JSONParser.Case/i_structure_500_nested_arrays, where GetParam() = 112-byte object <00-34 6B-55 55-55 00-00 21-00 00-00 00-00 00-00 21-00 00-00 00-00 00-00 D8-5F 69-55 55-55 00-00 F0-15 6B-55 55-55 00-00 30-00 00-00 00-00 00-00 30-00 00-00 00-00 00-00 10-5F 69-55 55-55 00-00 80-60 6A-55 55-55 00-00 C0-3E 6B-55 55-55 00-00 34-00 00-00 00-00 00-00 34-00 00-00 00-00 00-00 03-00 00-00 00-00 00-00 90-5C 6A-55 55-55 00-00> (3 ms)
[ RUN      ] JSONParser/JSONParser.Case/n_array_items_separated_by_semicolon
test/json/test_json.cpp:171: Failure
Expected equality of these values:
  actual
    Which is: "result=ERROR\nvalue=221\n---\nEVENT\nBEGIN_ARRAY\nINT 1\nERROR 221\n"
  expected
    Which is: "result=ERROR\nvalue=0\n---\nEVENT\nERROR 0\n"
With diff:
@@ -1,7 +1,5 @@
 result=ERROR
-value=221
+value=0
 ---
 EVENT
-BEGIN_ARRAY
-INT 1
-ERROR 221\n
+ERROR 0\n

Case 'n_array_items_separated_by_semicolon.txt' mismatched. See build/test_output/json/n_array_items_separated_by_semicolon.txt/output.txt

[  FAILED  ] JSONParser/JSONParser.Case/n_array_items_separated_by_semicolon, where GetParam() = 112-byte object <C0-37 6B-55 55-55 00-00 28-00 00-00 00-00 00-00 28-00 00-00 00-00 00-00 D8-5F 69-55 55-55 00-00 10-3C 6B-55 55-55 00-00 37-00 00-00 00-00 00-00 37-00 00-00 00-00 00-00 10-5F 69-55 55-55 00-00 E0-69 6A-55 55-55 00-00 F0-72 6B-55 55-55 00-00 3B-00 00-00 00-00 00-00 3B-00 00-00 00-00 00-00 03-00 00-00 00-00 00-00 70-66 6A-55 55-55 00-00> (0 ms)
[ RUN      ] JSONParser/JSONParser.Case/y_string_u_2b2029_par_sep
test/json/test_json.cpp:171: Failure
Expected equality of these values:
  actual
    Which is: "result=DONE\n---\nEVENT\nBEGIN_ARRAY\nSTRING \xE2\x80\xA9\nEND_ARRAY\n"
    As Text: "result=DONE
---
EVENT
BEGIN_ARRAY
STRING  
END_ARRAY
"
  expected
    Which is: "result=DONE\n---\nEVENT\n"
With diff:
@@ -1,7 +1,3 @@
 result=DONE
 ---
-EVENT
-BEGIN_ARRAY
-STRING \xE2\x80\xA9
-END_ARRAY
-"
    As Text: "result=DONE
---
EVENT
BEGIN_ARRAY
STRING  
END_ARRAY

+EVENT\n

Case 'y_string_u+2029_par_sep.txt' mismatched. See build/test_output/json/y_string_u+2029_par_sep.txt/output.txt

[  FAILED  ] JSONParser/JSONParser.Case/y_string_u_2b2029_par_sep, where GetParam() = 112-byte object <60-10 6B-55 55-55 00-00 1B-00 00-00 00-00 00-00 1B-00 00-00 00-00 00-00 D8-5F 69-55 55-55 00-00 80-52 6B-55 55-55 00-00 2A-00 00-00 00-00 00-00 2A-00 00-00 00-00 00-00 10-5F 69-55 55-55 00-00 40-77 6B-55 55-55 00-00 F0-69 6B-55 55-55 00-00 2E-00 00-00 00-00 00-00 2E-00 00-00 00-00 00-00 03-00 00-00 00-00 00-00 90-73 6B-55 55-55 00-00> (0 ms)
[ RUN      ] JSONParser/JSONParser.Case/n_number_with_leading_zero
test/json/test_json.cpp:171: Failure
Expected equality of these values:
  actual
    Which is: "result=ERROR\nvalue=262\n---\nEVENT\nBEGIN_ARRAY\nERROR 262\n"
  expected
    Which is: "result=ERROR\nvalue=0\n---\nEVENT\nERROR 0\n"
With diff:
@@ -1,6 +1,5 @@
 result=ERROR
-value=262
+value=0
 ---
 EVENT
-BEGIN_ARRAY
-ERROR 262\n
+ERROR 0\n

Case 'n_number_with_leading_zero.txt' mismatched. See build/test_output/json/n_number_with_leading_zero.txt/output.txt

[  FAILED  ] JSONParser/JSONParser.Case/n_number_with_leading_zero, where GetParam() = 112-byte object <F0-02 6B-55 55-55 00-00 1E-00 00-00 00-00 00-00 1E-00 00-00 00-00 00-00 D8-5F 69-55 55-55 00-00 30-31 6B-55 55-55 00-00 2D-00 00-00 00-00 00-00 2D-00 00-00 00-00 00-00 10-5F 69-55 55-55 00-00 E0-81 6B-55 55-55 00-00 00-58 6B-55 55-55 00-00 31-00 00-00 00-00 00-00 31-00 00-00 00-00 00-00 03-00 00-00 00-00 00-00 50-7E 6B-55 55-55 00-00> (0 ms)
[ RUN      ] JSONParser/JSONParser.Case/n_structure_no_data
test/json/test_json.cpp:171: Failure
Expected equality of these values:
  actual
    Which is: "result=ERROR\nvalue=210\n---\nEVENT\nERROR 210\n"
  expected
    Which is: "result=ERROR\nvalue=0\n---\nEVENT\nERROR 0\n"
With diff:
@@ -1,5 +1,5 @@
 result=ERROR
-value=210
+value=0
 ---
 EVENT
-ERROR 210\n
+ERROR 0\n

Case 'n_structure_no_data.txt' mismatched. See build/test_output/json/n_structure_no_data.txt/output.txt

[  FAILED  ] JSONParser/JSONParser.Case/n_structure_no_data, where GetParam() = 112-byte object <40-CC 6B-55 55-55 00-00 17-00 00-00 00-00 00-00 17-00 00-00 00-00 00-00 D8-5F 69-55 55-55 00-00 40-89 6C-55 55-55 00-00 26-00 00-00 00-00 00-00 26-00 00-00 00-00 00-00 10-5F 69-55 55-55 00-00 10-8B 6B-55 55-55 00-00 10-28 6B-55 55-55 00-00 2A-00 00-00 00-00 00-00 2A-00 00-00 00-00 00-00 03-00 00-00 00-00 00-00 50-8C 6B-55 55-55 00-00> (0 ms)
[ RUN      ] JSONParser/JSONParser.Case/i_string_1st_surrogate_but_2nd_missing
test/json/test_json.cpp:171: Failure
Expected equality of these values:
  actual
    Which is: "result=ERROR\nvalue=242\n---\nEVENT\nBEGIN_ARRAY\nERROR 242\n"
  expected
    Which is: "result=DONE\n---\nEVENT\n"
With diff:
@@ -1,6 +1,3 @@
-result=ERROR
-value=242
+result=DONE
 ---
-EVENT
-BEGIN_ARRAY
-ERROR 242\n
+EVENT\n

Case 'i_string_1st_surrogate_but_2nd_missing.txt' mismatched. See build/test_output/json/i_string_1st_surrogate_but_2nd_missing.txt/output.txt

[  FAILED  ] JSONParser/JSONParser.Case/i_string_1st_surrogate_but_2nd_missing, where GetParam() = 112-byte object <10-28 6B-55 55-55 00-00 2A-00 00-00 00-00 00-00 2A-00 00-00 00-00 00-00 D8-5F 69-55 55-55 00-00 E0-C2 6A-55 55-55 00-00 39-00 00-00 00-00 00-00 39-00 00-00 00-00 00-00 10-5F 69-55 55-55 00-00 E0-9A 6B-55 55-55 00-00 D0-D3 6A-55 55-55 00-00 3D-00 00-00 00-00 00-00 3D-00 00-00 00-00 00-00 03-00 00-00 00-00 00-00 20-9C 6B-55 55-55 00-00> (0 ms)
[ RUN      ] JSONParser/JSONParser.Case/n_number__2dNaN
test/json/test_json.cpp:171: Failure
Expected equality of these values:
  actual
    Which is: "result=ERROR\nvalue=261\n---\nEVENT\nBEGIN_ARRAY\nERROR 261\n"
  expected
    Which is: "result=ERROR\nvalue=0\n---\nEVENT\nERROR 0\n"
With diff:
@@ -1,6 +1,5 @@
 result=ERROR
-value=261
+value=0
 ---
 EVENT
-BEGIN_ARRAY
-ERROR 261\n
+ERROR 0\n

Case 'n_number_-NaN.txt' mismatched. See build/test_output/json/n_number_-NaN.txt/output.txt

[  FAILED  ] JSONParser/JSONParser.Case/n_number__2dNaN, where GetParam() = 112-byte object <10-C5 6B-55 55-55 00-00 11-00 00-00 00-00 00-00 11-00 00-00 00-00 00-00 D8-5F 69-55 55-55 00-00 60-82 6C-55 55-55 00-00 20-00 00-00 00-00 00-00 20-00 00-00 00-00 00-00 10-5F 69-55 55-55 00-00 60-AB 6B-55 55-55 00-00 60-02 6B-55 55-55 00-00 24-00 00-00 00-00 00-00 24-00 00-00 00-00 00-00 03-00 00-00 00-00 00-00 B0-A4 6B-55 55-55 00-00> (0 ms)
[ RUN      ] JSONParser/JSONParser.Case/n_object_two_commas_in_a_row
test/json/test_json.cpp:171: Failure
Expected equality of these values:
  actual
    Which is: "result=ERROR\nvalue=223\n---\nEVENT\nBEGIN_OBJECT\nKEY a\nSTRING b\nERROR 223\n"
  expected
    Which is: "result=ERROR\nvalue=0\n---\nEVENT\nERROR 0\n"
With diff:
@@ -1,8 +1,5 @@
 result=ERROR
-value=223
+value=0
 ---
 EVENT
-BEGIN_OBJECT
-KEY a
-STRING b
-ERROR 223\n
+ERROR 0\n

Case 'n_object_two_commas_in_a_row.txt' mismatched. See build/test_output/json/n_object_two_commas_in_a_row.txt/output.txt

[  FAILED  ] JSONParser/JSONParser.Case/n_object_two_commas_in_a_row, where GetParam() = 112-byte object <60-10 6B-55 55-55 00-00 20-00 00-00 00-00 00-00 20-00 00-00 00-00 00-00 D8-5F 69-55 55-55 00-00 10-5C 6B-55 55-55 00-00 2F-00 00-00 00-00 00-00 2F-00 00-00 00-00 00-00 10-5F 69-55 55-55 00-00 00-B4 6B-55 55-55 00-00 40-22 6B-55 55-55 00-00 33-00 00-00 00-00 00-00 33-00 00-00 00-00 00-00 03-00 00-00 00-00 00-00 40-B5 6B-55 55-55 00-00> (0 ms)
[ RUN      ] JSONParser/JSONParser.Case/n_string_invalid_backslash_esc
test/json/test_json.cpp:171: Failure
Expected equality of these values:
  actual
    Which is: "result=ERROR\nvalue=240\n---\nEVENT\nBEGIN_ARRAY\nERROR 240\n"
  expected
    Which is: "result=ERROR\nvalue=0\n---\nEVENT\nERROR 0\n"
With diff:
@@ -1,6 +1,5 @@
 result=ERROR
-value=240
+value=0
 ---
 EVENT
-BEGIN_ARRAY
-ERROR 240\n
+ERROR 0\n

Case 'n_string_invalid_backslash_esc.txt' mismatched. See build/test_output/json/n_string_invalid_backslash_esc.txt/output.txt

[  FAILED  ] JSONParser/JSONParser.Case/n_string_invalid_backslash_esc, where GetParam() = 112-byte object <70-7A 6C-55 55-55 00-00 22-00 00-00 00-00 00-00 22-00 00-00 00-00 00-00 D8-5F 69-55 55-55 00-00 F0-1E 6B-55 55-55 00-00 31-00 00-00 00-00 00-00 31-00 00-00 00-00 00-00 10-5F 69-55 55-55 00-00 F0-C7 6B-55 55-55 00-00 A0-35 6B-55 55-55 00-00 35-00 00-00 00-00 00-00 35-00 00-00 00-00 00-00 03-00 00-00 00-00 00-00 40-C4 6B-55 55-55 00-00> (0 ms)
[ RUN      ] JSONParser/JSONParser.Case/y_string_unicodeEscapedBackslash
test/json/test_json.cpp:171: Failure
Expected equality of these values:
  actual
    Which is: "result=DONE\n---\nEVENT\nBEGIN_ARRAY\nSTRING \\u005C\nEND_ARRAY\n"
  expected
    Which is: "result=DONE\n---\nEVENT\n"
With diff:
@@ -1,6 +1,3 @@
 result=DONE
 ---
-EVENT
-BEGIN_ARRAY
-STRING \\u005C
-END_ARRAY\n
+EVENT\n

Case 'y_string_unicodeEscapedBackslash.txt' mismatched. See build/test_output/json/y_string_unicodeEscapedBackslash.txt/output.txt

[  FAILED  ] JSONParser/JSONParser.Case/y_string_unicodeEscapedBackslash, where GetParam() = 112-byte object <80-57 6C-55 55-55 00-00 24-00 00-00 00-00 00-00 24-00 00-00 00-00 00-00 D8-5F 69-55 55-55 00-00 00-83 6C-55 55-55 00-00 33-00 00-00 00-00 00-00 33-00 00-00 00-00 00-00 10-5F 69-55 55-55 00-00 D0-D0 6B-55 55-55 00-00 10-08 6B-55 55-55 00-00 37-00 00-00 00-00 00-00 37-00 00-00 00-00 00-00 03-00 00-00 00-00 00-00 10-D2 6B-55 55-55 00-00> (0 ms)
[ RUN      ] JSONParser/JSONParser.Case/i_string_inverted_surrogates_U_2b1D11E
test/json/test_json.cpp:171: Failure
Expected equality of these values:
  actual
    Which is: "result=ERROR\nvalue=242\n---\nEVENT\nBEGIN_ARRAY\nERROR 242\n"
  expected
    Which is: "result=DONE\n---\nEVENT\n"
With diff:
@@ -1,6 +1,3 @@
-result=ERROR
-value=242
+result=DONE
 ---
-EVENT
-BEGIN_ARRAY
-ERROR 242\n
+EVENT\n

Case 'i_string_inverted_surrogates_U+1D11E.txt' mismatched. See build/test_output/json/i_string_inverted_surrogates_U+1D11E.txt/output.txt

[  FAILED  ] JSONParser/JSONParser.Case/i_string_inverted_surrogates_U_2b1D11E, where GetParam() = 112-byte object <60-20 6B-55 55-55 00-00 28-00 00-00 00-00 00-00 28-00 00-00 00-00 00-00 D8-5F 69-55 55-55 00-00 40-22 6B-55 55-55 00-00 37-00 00-00 00-00 00-00 37-00 00-00 00-00 00-00 10-5F 69-55 55-55 00-00 00-E4 6B-55 55-55 00-00 E0-EF 6A-55 55-55 00-00 3B-00 00-00 00-00 00-00 3B-00 00-00 00-00 00-00 03-00 00-00 00-00 00-00 C0-E0 6B-55 55-55 00-00> (0 ms)
[ RUN      ] JSONParser/JSONParser.Case/n_structure_unclosed_array
test/json/test_json.cpp:171: Failure
Expected equality of these values:
  actual
    Which is: "result=CONTINUE\n---\nEVENT\nBEGIN_ARRAY\nINT 1\n"
  expected
    Which is: "result=ERROR\nvalue=0\n---\nEVENT\nERROR 0\n"
With diff:
@@ -1,5 +1,5 @@
-result=CONTINUE
+result=ERROR
+value=0
 ---
 EVENT
-BEGIN_ARRAY
-INT 1\n
+ERROR 0\n

Case 'n_structure_unclosed_array.txt' mismatched. See build/test_output/json/n_structure_unclosed_array.txt/output.txt

[  FAILED  ] JSONParser/JSONParser.Case/n_structure_unclosed_array, where GetParam() = 112-byte object <E0-6B 6C-55 55-55 00-00 1E-00 00-00 00-00 00-00 1E-00 00-00 00-00 00-00 D8-5F 69-55 55-55 00-00 A0-26 6B-55 55-55 00-00 2D-00 00-00 00-00 00-00 2D-00 00-00 00-00 00-00 10-5F 69-55 55-55 00-00 50-F3 6B-55 55-55 00-00 F0-69 6B-55 55-55 00-00 31-00 00-00 00-00 00-00 31-00 00-00 00-00 00-00 03-00 00-00 00-00 00-00 90-F4 6B-55 55-55 00-00> (0 ms)
[ RUN      ] JSONParser/JSONParser.Case/y_number_real_pos_exponent
test/json/test_json.cpp:171: Failure
Expected equality of these values:
  actual
    Which is: "result=DONE\n---\nEVENT\nBEGIN_ARRAY\nFLOAT 100\nEND_ARRAY\n"
  expected
    Which is: "result=DONE\n---\nEVENT\n"
With diff:
@@ -1,6 +1,3 @@
 result=DONE
 ---
-EVENT
-BEGIN_ARRAY
-FLOAT 100
-END_ARRAY\n
+EVENT\n

Case 'y_number_real_pos_exponent.txt' mismatched. See build/test_output/json/y_number_real_pos_exponent.txt/output.txt

[  FAILED  ] JSONParser/JSONParser.Case/y_number_real_pos_exponent, where GetParam() = 112-byte object <D0-5E 6C-55 55-55 00-00 1E-00 00-00 00-00 00-00 1E-00 00-00 00-00 00-00 D8-5F 69-55 55-55 00-00 E0-0D 6B-55 55-55 00-00 2D-00 00-00 00-00 00-00 2D-00 00-00 00-00 00-00 10-5F 69-55 55-55 00-00 50-04 6C-55 55-55 00-00 B0-14 6B-55 55-55 00-00 31-00 00-00 00-00 00-00 31-00 00-00 00-00 00-00 03-00 00-00 00-00 00-00 50-00 6C-55 55-55 00-00> (0 ms)
[ RUN      ] JSONParser/JSONParser.Case/n_structure_open_array_apostrophe
test/json/test_json.cpp:171: Failure
Expected equality of these values:
  actual
    Which is: "result=ERROR\nvalue=225\n---\nEVENT\nBEGIN_ARRAY\nERROR 225\n"
  expected
    Which is: "result=ERROR\nvalue=0\n---\nEVENT\nERROR 0\n"
With diff:
@@ -1,6 +1,5 @@
 result=ERROR
-value=225
+value=0
 ---
 EVENT
-BEGIN_ARRAY
-ERROR 225\n
+ERROR 0\n

Case 'n_structure_open_array_apostrophe.txt' mismatched. See build/test_output/json/n_structure_open_array_apostrophe.txt/output.txt

[  FAILED  ] JSONParser/JSONParser.Case/n_structure_open_array_apostrophe, where GetParam() = 112-byte object <90-41 6C-55 55-55 00-00 25-00 00-00 00-00 00-00 25-00 00-00 00-00 00-00 D8-5F 69-55 55-55 00-00 50-09 6B-55 55-55 00-00 34-00 00-00 00-00 00-00 34-00 00-00 00-00 00-00 10-5F 69-55 55-55 00-00 E0-0F 6C-55 55-55 00-00 70-CD 6A-55 55-55 00-00 38-00 00-00 00-00 00-00 38-00 00-00 00-00 00-00 03-00 00-00 00-00 00-00 20-11 6C-55 55-55 00-00> (0 ms)
[ RUN      ] JSONParser/JSONParser.Case/n_object_missing_semicolon
test/json/test_json.cpp:171: Failure
Expected equality of these values:
  actual
    Which is: "result=ERROR\nvalue=224\n---\nEVENT\nBEGIN_OBJECT\nKEY a\nERROR 224\n"
  expected
    Which is: "result=ERROR\nvalue=0\n---\nEVENT\nERROR 0\n"
With diff:
@@ -1,7 +1,5 @@
 result=ERROR
-value=224
+value=0
 ---
 EVENT
-BEGIN_OBJECT
-KEY a
-ERROR 224\n
+ERROR 0\n

Case 'n_object_missing_semicolon.txt' mismatched. See build/test_output/json/n_object_missing_semicolon.txt/output.txt

[  FAILED  ] JSONParser/JSONParser.Case/n_object_missing_semicolon, where GetParam() = 112-byte object <30-52 6C-55 55-55 00-00 1E-00 00-00 00-00 00-00 1E-00 00-00 00-00 00-00 D8-5F 69-55 55-55 00-00 A0-06 6B-55 55-55 00-00 2D-00 00-00 00-00 00-00 2D-00 00-00 00-00 00-00 10-5F 69-55 55-55 00-00 00-27 6C-55 55-55 00-00 C0-78 6C-55 55-55 00-00 31-00 00-00 00-00 00-00 31-00 00-00 00-00 00-00 03-00 00-00 00-00 00-00 10-23 6C-55 55-55 00-00> (0 ms)
[ RUN      ] JSONParser/JSONParser.Case/y_string_allowed_escapes
test/json/test_json.cpp:171: Failure
Expected equality of these values:
  actual
    Which is: "result=DONE\n---\nEVENT\nBEGIN_ARRAY\nSTRING \\\"\\\\\\/\\b\\f\\n\\r\\t\nEND_ARRAY\n"
  expected
    Which is: "result=DONE\n---\nEVENT\n"
With diff:
@@ -1,6 +1,3 @@
 result=DONE
 ---
-EVENT
-BEGIN_ARRAY
-STRING \\\"\\\\\\/\\b\\f\\n\\r\\t
-END_ARRAY\n
+EVENT\n

Case 'y_string_allowed_escapes.txt' mismatched. See build/test_output/json/y_string_allowed_escapes.txt/output.txt

[  FAILED  ] JSONParser/JSONParser.Case/y_string_allowed_escapes, where GetParam() = 112-byte object <10-51 6C-55 55-55 00-00 1C-00 00-00 00-00 00-00 1C-00 00-00 00-00 00-00 D8-5F 69-55 55-55 00-00 30-88 6C-55 55-55 00-00 2B-00 00-00 00-00 00-00 2B-00 00-00 00-00 00-00 10-5F 69-55 55-55 00-00 50-33 6C-55 55-55 00-00 50-73 6C-55 55-55 00-00 2F-00 00-00 00-00 00-00 2F-00 00-00 00-00 00-00 03-00 00-00 00-00 00-00 60-34 6C-55 55-55 00-00> (0 ms)
[ RUN      ] JSONParser/JSONParser.Case/n_string_leading_uescaped_thinspace
test/json/test_json.cpp:171: Failure
Expected equality of these values:
  actual
    Which is: "result=ERROR\nvalue=225\n---\nEVENT\nBEGIN_ARRAY\nERROR 225\n"
  expected
    Which is: "result=ERROR\nvalue=0\n---\nEVENT\nERROR 0\n"
With diff:
@@ -1,6 +1,5 @@
 result=ERROR
-value=225
+value=0
 ---
 EVENT
-BEGIN_ARRAY
-ERROR 225\n
+ERROR 0\n

Case 'n_string_leading_uescaped_thinspace.txt' mismatched. See build/test_output/json/n_string_leading_uescaped_thinspace.txt/output.txt

[  FAILED  ] JSONParser/JSONParser.Case/n_string_leading_uescaped_thinspace, where GetParam() = 112-byte object <A0-37 6C-55 55-55 00-00 27-00 00-00 00-00 00-00 27-00 00-00 00-00 00-00 D8-5F 69-55 55-55 00-00 C0-82 6C-55 55-55 00-00 36-00 00-00 00-00 00-00 36-00 00-00 00-00 00-00 10-5F 69-55 55-55 00-00 70-43 6C-55 55-55 00-00 40-7F 6A-55 55-55 00-00 3A-00 00-00 00-00 00-00 3A-00 00-00 00-00 00-00 03-00 00-00 00-00 00-00 00-3D 6C-55 55-55 00-00> (0 ms)
[ RUN      ] JSONParser/JSONParser.Case/n_structure_open_array_open_object
test/json/test_json.cpp:171: Failure
Expected equality of these values:
  actual
    Which is: "result=CONTINUE\n---\nEVENT\nBEGIN_ARRAY\nBEGIN_OBJECT\n"
  expected
    Which is: "result=ERROR\nvalue=0\n---\nEVENT\nERROR 0\n"
With diff:
@@ -1,5 +1,5 @@
-result=CONTINUE
+result=ERROR
+value=0
 ---
 EVENT
-BEGIN_ARRAY
-BEGIN_OBJECT\n
+ERROR 0\n

Case 'n_structure_open_array_open_object.txt' mismatched. See build/test_output/json/n_structure_open_array_open_object.txt/output.txt

[  FAILED  ] JSONParser/JSONParser.Case/n_structure_open_array_open_object, where GetParam() = 112-byte object <F0-46 6C-55 55-55 00-00 26-00 00-00 00-00 00-00 26-00 00-00 00-00 00-00 D8-5F 69-55 55-55 00-00 00-12 6B-55 55-55 00-00 35-00 00-00 00-00 00-00 35-00 00-00 00-00 00-00 10-5F 69-55 55-55 00-00 20-50 6C-55 55-55 00-00 20-D7 69-55 55-55 00-00 39-00 00-00 00-00 00-00 39-00 00-00 00-00 00-00 03-00 00-00 00-00 00-00 40-51 6C-55 55-55 00-00> (0 ms)
[ RUN      ] JSONParser/JSONParser.Case/n_number_expression
test/json/test_json.cpp:171: Failure
Expected equality of these values:
  actual
    Which is: "result=ERROR\nvalue=261\n---\nEVENT\nBEGIN_ARRAY\nERROR 261\n"
  expected
    Which is: "result=ERROR\nvalue=0\n---\nEVENT\nERROR 0\n"
With diff:
@@ -1,6 +1,5 @@
 result=ERROR
-value=261
+value=0
 ---
 EVENT
-BEGIN_ARRAY
-ERROR 261\n
+ERROR 0\n

Case 'n_number_expression.txt' mismatched. See build/test_output/json/n_number_expression.txt/output.txt

[  FAILED  ] JSONParser/JSONParser.Case/n_number_expression, where GetParam() = 112-byte object <10-89 6B-55 55-55 00-00 17-00 00-00 00-00 00-00 17-00 00-00 00-00 00-00 D8-5F 69-55 55-55 00-00 90-41 6C-55 55-55 00-00 26-00 00-00 00-00 00-00 26-00 00-00 00-00 00-00 10-5F 69-55 55-55 00-00 70-63 6C-55 55-55 00-00 F0-61 6C-55 55-55 00-00 2A-00 00-00 00-00 00-00 2A-00 00-00 00-00 00-00 03-00 00-00 00-00 00-00 A0-5A 6C-55 55-55 00-00> (0 ms)
[ RUN      ] JSONParser/JSONParser.Case/n_number_2_2ee_2d3
test/json/test_json.cpp:171: Failure
Expected equality of these values:
  actual
    Which is: "result=ERROR\nvalue=263\n---\nEVENT\nBEGIN_ARRAY\nERROR 263\n"
  expected
    Which is: "result=ERROR\nvalue=0\n---\nEVENT\nERROR 0\n"
With diff:
@@ -1,6 +1,5 @@
 result=ERROR
-value=263
+value=0
 ---
 EVENT
-BEGIN_ARRAY
-ERROR 263\n
+ERROR 0\n

Case 'n_number_2.e-3.txt' mismatched. See build/test_output/json/n_number_2.e-3.txt/output.txt

[  FAILED  ] JSONParser/JSONParser.Case/n_number_2_2ee_2d3, where GetParam() = 112-byte object <00-0B 6A-55 55-55 00-00 12-00 00-00 00-00 00-00 12-00 00-00 00-00 00-00 D8-5F 69-55 55-55 00-00 30-3A 6C-55 55-55 00-00 21-00 00-00 00-00 00-00 21-00 00-00 00-00 00-00 10-5F 69-55 55-55 00-00 90-74 6C-55 55-55 00-00 E0-6B 6C-55 55-55 00-00 25-00 00-00 00-00 00-00 25-00 00-00 00-00 00-00 03-00 00-00 00-00 00-00 A0-75 6C-55 55-55 00-00> (0 ms)
[ RUN      ] JSONParser/JSONParser.Case/n_structure_100000_opening_arrays
make: *** [Makefile:215: test_json] Segmentation fault (core dumped)
