Running test_json
AK_TEST_DATA_DIR=test/json/data AK_TEST_OUTPUT_DIR=build/test_output/json  ./build/test_json
Running main() from /tmp/nix-build-gtest-1.17.0.drv-0/source/googletest/src/gtest_main.cc
[==========] Running 268 tests from 1 test suite.
[----------] Global test environment set-up.
[----------] 268 tests from JSONParser/JSONParser
[ RUN      ] JSONParser/JSONParser.Case/y_string_1_2_3_bytes_UTF_2d8_sequences
[       OK ] JSONParser/JSONParser.Case/y_string_1_2_3_bytes_UTF_2d8_sequences (2 ms)
[ RUN      ] JSONParser/JSONParser.Case/n_string_incomplete_escaped_character
[       OK ] JSONParser/JSONParser.Case/n_string_incomplete_escaped_character (0 ms)
[ RUN      ] JSONParser/JSONParser.Case/n_structure_trailing__23
[       OK ] JSONParser/JSONParser.Case/n_structure_trailing__23 (0 ms)
[ RUN      ] JSONParser/JSONParser.Case/y_array_false
[       OK ] JSONParser/JSONParser.Case/y_array_false (1 ms)
[ RUN      ] JSONParser/JSONParser.Case/n_object_non_string_key_but_huge_number_instead
[       OK ] JSONParser/JSONParser.Case/n_object_non_string_key_but_huge_number_instead (2 ms)
[ RUN      ] JSONParser/JSONParser.Case/n_single_space
[       OK ] JSONParser/JSONParser.Case/n_single_space (1 ms)
[ RUN      ] JSONParser/JSONParser.Case/y_string_unicode_U_2b200B_ZERO_WIDTH_SPACE
[       OK ] JSONParser/JSONParser.Case/y_string_unicode_U_2b200B_ZERO_WIDTH_SPACE (0 ms)
[ RUN      ] JSONParser/JSONParser.Case/n_string_incomplete_escape
[       OK ] JSONParser/JSONParser.Case/n_string_incomplete_escape (0 ms)
[ RUN      ] JSONParser/JSONParser.Case/y_string_nonCharacterInUTF_2d8_U_2b10FFFF
[       OK ] JSONParser/JSONParser.Case/y_string_nonCharacterInUTF_2d8_U_2b10FFFF (0 ms)
[ RUN      ] JSONParser/JSONParser.Case/n_structure_open_array_comma
[       OK ] JSONParser/JSONParser.Case/n_structure_open_array_comma (0 ms)
[ RUN      ] JSONParser/JSONParser.Case/y_number_negative_int
test/json/test_json.cpp:171: Failure
Expected equality of these values:
  actual
    Which is: "result=DONE\n---\nEVENT\nBEGIN_ARRAY\nINT -123\nEND_ARRAY\n"
  expected
    Which is: "result=DONE\n---\nEVENT\n"
With diff:
@@ -1,6 +1,3 @@
 result=DONE
 ---
-EVENT
-BEGIN_ARRAY
-INT -123
-END_ARRAY\n
+EVENT\n

Case 'y_number_negative_int.txt' mismatched. See build/test_output/json/y_number_negative_int.txt/output.txt

[  FAILED  ] JSONParser/JSONParser.Case/y_number_negative_int, where GetParam() = 112-byte object <C0-A6 F3-9F 83-55 00-00 19-00 00-00 00-00 00-00 19-00 00-00 00-00 00-00 D8-7F F0-9F 83-55 00-00 F0-8C F3-9F 83-55 00-00 28-00 00-00 00-00 00-00 28-00 00-00 00-00 00-00 10-7F F0-9F 83-55 00-00 B0-33 F1-9F 83-55 00-00 40-79 F3-9F 83-55 00-00 2C-00 00-00 00-00 00-00 2C-00 00-00 00-00 00-00 03-00 00-00 00-00 00-00 C0-2F F1-9F 83-55 00-00> (0 ms)
[ RUN      ] JSONParser/JSONParser.Case/y_array_empty_2dstring
test/json/test_json.cpp:171: Failure
Expected equality of these values:
  actual
    Which is: "result=DONE\n---\nEVENT\nBEGIN_ARRAY\nSTRING \nEND_ARRAY\n"
  expected
    Which is: "result=DONE\n---\nEVENT\n"
With diff:
@@ -1,6 +1,3 @@
 result=DONE
 ---
-EVENT
-BEGIN_ARRAY
-STRING 
-END_ARRAY\n
+EVENT\n

Case 'y_array_empty-string.txt' mismatched. See build/test_output/json/y_array_empty-string.txt/output.txt

[  FAILED  ] JSONParser/JSONParser.Case/y_array_empty_2dstring, where GetParam() = 112-byte object <C0-A3 F3-9F 83-55 00-00 18-00 00-00 00-00 00-00 18-00 00-00 00-00 00-00 D8-7F F0-9F 83-55 00-00 50-9D F3-9F 83-55 00-00 27-00 00-00 00-00 00-00 27-00 00-00 00-00 00-00 10-7F F0-9F 83-55 00-00 D0-48 F1-9F 83-55 00-00 70-8D F3-9F 83-55 00-00 2B-00 00-00 00-00 00-00 2B-00 00-00 00-00 00-00 03-00 00-00 00-00 00-00 60-41 F1-9F 83-55 00-00> (0 ms)
[ RUN      ] JSONParser/JSONParser.Case/y_string_escaped_noncharacter
test/json/test_json.cpp:171: Failure
Expected equality of these values:
  actual
    Which is: "result=DONE\n---\nEVENT\nBEGIN_ARRAY\nSTRING \\uFFFF\nEND_ARRAY\n"
  expected
    Which is: "result=DONE\n---\nEVENT\n"
With diff:
@@ -1,6 +1,3 @@
 result=DONE
 ---
-EVENT
-BEGIN_ARRAY
-STRING \\uFFFF
-END_ARRAY\n
+EVENT\n

Case 'y_string_escaped_noncharacter.txt' mismatched. See build/test_output/json/y_string_escaped_noncharacter.txt/output.txt

[  FAILED  ] JSONParser/JSONParser.Case/y_string_escaped_noncharacter, where GetParam() = 112-byte object <30-99 F3-9F 83-55 00-00 21-00 00-00 00-00 00-00 21-00 00-00 00-00 00-00 D8-7F F0-9F 83-55 00-00 70-8D F3-9F 83-55 00-00 30-00 00-00 00-00 00-00 30-00 00-00 00-00 00-00 10-7F F0-9F 83-55 00-00 20-56 F1-9F 83-55 00-00 30-8D F3-9F 83-55 00-00 34-00 00-00 00-00 00-00 34-00 00-00 00-00 00-00 03-00 00-00 00-00 00-00 E0-4F F1-9F 83-55 00-00> (0 ms)
[ RUN      ] JSONParser/JSONParser.Case/y_object_duplicated_key
test/json/test_json.cpp:171: Failure
Expected equality of these values:
  actual
    Which is: "result=DONE\n---\nEVENT\nBEGIN_OBJECT\nKEY a\nSTRING b\nKEY a\nSTRING c\nEND_OBJECT\n"
  expected
    Which is: "result=DONE\n---\nEVENT\n"
With diff:
@@ -1,9 +1,3 @@
 result=DONE
 ---
-EVENT
-BEGIN_OBJECT
-KEY a
-STRING b
-KEY a
-STRING c
-END_OBJECT\n
+EVENT\n

Case 'y_object_duplicated_key.txt' mismatched. See build/test_output/json/y_object_duplicated_key.txt/output.txt

[  FAILED  ] JSONParser/JSONParser.Case/y_object_duplicated_key, where GetParam() = 112-byte object <20-8A F3-9F 83-55 00-00 1B-00 00-00 00-00 00-00 1B-00 00-00 00-00 00-00 D8-7F F0-9F 83-55 00-00 30-31 F2-9F 83-55 00-00 2A-00 00-00 00-00 00-00 2A-00 00-00 00-00 00-00 10-7F F0-9F 83-55 00-00 A0-02 F1-9F 83-55 00-00 80-8E F3-9F 83-55 00-00 2E-00 00-00 00-00 00-00 2E-00 00-00 00-00 00-00 03-00 00-00 00-00 00-00 20-FF F0-9F 83-55 00-00> (0 ms)
[ RUN      ] JSONParser/JSONParser.Case/n_number_0_2ee1
test/json/test_json.cpp:171: Failure
Expected equality of these values:
  actual
    Which is: "result=ERROR\nvalue=263\n---\nEVENT\nBEGIN_ARRAY\nERROR 263\n"
  expected
    Which is: "result=ERROR\nvalue=0\n---\nEVENT\nERROR 0\n"
With diff:
@@ -1,6 +1,5 @@
 result=ERROR
-value=263
+value=0
 ---
 EVENT
-BEGIN_ARRAY
-ERROR 263\n
+ERROR 0\n

Case 'n_number_0.e1.txt' mismatched. See build/test_output/json/n_number_0.e1.txt/output.txt

[  FAILED  ] JSONParser/JSONParser.Case/n_number_0_2ee1, where GetParam() = 112-byte object <10-23 F3-9F 83-55 00-00 11-00 00-00 00-00 00-00 11-00 00-00 00-00 00-00 D8-7F F0-9F 83-55 00-00 F0-89 F3-9F 83-55 00-00 20-00 00-00 00-00 00-00 20-00 00-00 00-00 00-00 10-7F F0-9F 83-55 00-00 80-0D F1-9F 83-55 00-00 B0-88 F3-9F 83-55 00-00 24-00 00-00 00-00 00-00 24-00 00-00 00-00 00-00 03-00 00-00 00-00 00-00 C0-09 F1-9F 83-55 00-00> (0 ms)
[ RUN      ] JSONParser/JSONParser.Case/n_structure_array_with_extra_array_close
test/json/test_json.cpp:171: Failure
Expected equality of these values:
  actual
    Which is: "result=DONE\n---\nEVENT\nBEGIN_ARRAY\nINT 1\nEND_ARRAY\n"
  expected
    Which is: "result=ERROR\nvalue=0\n---\nEVENT\nERROR 0\n"
With diff:
@@ -1,6 +1,5 @@
-result=DONE
+result=ERROR
+value=0
 ---
 EVENT
-BEGIN_ARRAY
-INT 1
-END_ARRAY\n
+ERROR 0\n

Case 'n_structure_array_with_extra_array_close.txt' mismatched. See build/test_output/json/n_structure_array_with_extra_array_close.txt/output.txt

[  FAILED  ] JSONParser/JSONParser.Case/n_structure_array_with_extra_array_close, where GetParam() = 112-byte object <E0-6D F3-9F 83-55 00-00 2C-00 00-00 00-00 00-00 2C-00 00-00 00-00 00-00 D8-7F F0-9F 83-55 00-00 F0-84 F3-9F 83-55 00-00 3B-00 00-00 00-00 00-00 3B-00 00-00 00-00 00-00 10-7F F0-9F 83-55 00-00 60-98 F1-9F 83-55 00-00 60-26 F3-9F 83-55 00-00 3F-00 00-00 00-00 00-00 3F-00 00-00 00-00 00-00 03-00 00-00 00-00 00-00 10-95 F1-9F 83-55 00-00> (0 ms)
[ RUN      ] JSONParser/JSONParser.Case/n_number_1eE2
test/json/test_json.cpp:171: Failure
Expected equality of these values:
  actual
    Which is: "result=ERROR\nvalue=264\n---\nEVENT\nBEGIN_ARRAY\nERROR 264\n"
  expected
    Which is: "result=ERROR\nvalue=0\n---\nEVENT\nERROR 0\n"
With diff:
@@ -1,6 +1,5 @@
 result=ERROR
-value=264
+value=0
 ---
 EVENT
-BEGIN_ARRAY
-ERROR 264\n
+ERROR 0\n

Case 'n_number_1eE2.txt' mismatched. See build/test_output/json/n_number_1eE2.txt/output.txt

[  FAILED  ] JSONParser/JSONParser.Case/n_number_1eE2, where GetParam() = 112-byte object <40-3A F3-9F 83-55 00-00 11-00 00-00 00-00 00-00 11-00 00-00 00-00 00-00 D8-7F F0-9F 83-55 00-00 80-79 F3-9F 83-55 00-00 20-00 00-00 00-00 00-00 20-00 00-00 00-00 00-00 10-7F F0-9F 83-55 00-00 D0-A5 F1-9F 83-55 00-00 70-7E F3-9F 83-55 00-00 24-00 00-00 00-00 00-00 24-00 00-00 00-00 00-00 03-00 00-00 00-00 00-00 C0-A1 F1-9F 83-55 00-00> (0 ms)
[ RUN      ] JSONParser/JSONParser.Case/n_structure_object_unclosed_no_value
test/json/test_json.cpp:171: Failure
Expected equality of these values:
  actual
    Which is: "result=CONTINUE\n---\nEVENT\nBEGIN_OBJECT\nKEY \n"
  expected
    Which is: "result=ERROR\nvalue=0\n---\nEVENT\nERROR 0\n"
With diff:
@@ -1,5 +1,5 @@
-result=CONTINUE
+result=ERROR
+value=0
 ---
 EVENT
-BEGIN_OBJECT
-KEY \n
+ERROR 0\n

Case 'n_structure_object_unclosed_no_value.txt' mismatched. See build/test_output/json/n_structure_object_unclosed_no_value.txt/output.txt

[  FAILED  ] JSONParser/JSONParser.Case/n_structure_object_unclosed_no_value, where GetParam() = 112-byte object <F0-97 F3-9F 83-55 00-00 28-00 00-00 00-00 00-00 28-00 00-00 00-00 00-00 D8-7F F0-9F 83-55 00-00 70-87 F3-9F 83-55 00-00 37-00 00-00 00-00 00-00 37-00 00-00 00-00 00-00 10-7F F0-9F 83-55 00-00 30-B4 F1-9F 83-55 00-00 50-86 F3-9F 83-55 00-00 3B-00 00-00 00-00 00-00 3B-00 00-00 00-00 00-00 03-00 00-00 00-00 00-00 20-B0 F1-9F 83-55 00-00> (0 ms)
[ RUN      ] JSONParser/JSONParser.Case/n_number_0_capital_E_2b
test/json/test_json.cpp:171: Failure
Expected equality of these values:
  actual
    Which is: "result=ERROR\nvalue=264\n---\nEVENT\nBEGIN_ARRAY\nERROR 264\n"
  expected
    Which is: "result=ERROR\nvalue=0\n---\nEVENT\nERROR 0\n"
With diff:
@@ -1,6 +1,5 @@
 result=ERROR
-value=264
+value=0
 ---
 EVENT
-BEGIN_ARRAY
-ERROR 264\n
+ERROR 0\n

Case 'n_number_0_capital_E+.txt' mismatched. See build/test_output/json/n_number_0_capital_E+.txt/output.txt

[  FAILED  ] JSONParser/JSONParser.Case/n_number_0_capital_E_2b, where GetParam() = 112-byte object <10-64 F3-9F 83-55 00-00 19-00 00-00 00-00 00-00 19-00 00-00 00-00 00-00 D8-7F F0-9F 83-55 00-00 E0-88 F3-9F 83-55 00-00 28-00 00-00 00-00 00-00 28-00 00-00 00-00 00-00 10-7F F0-9F 83-55 00-00 D0-C1 F1-9F 83-55 00-00 50-8A F3-9F 83-55 00-00 2C-00 00-00 00-00 00-00 2C-00 00-00 00-00 00-00 03-00 00-00 00-00 00-00 F0-BD F1-9F 83-55 00-00> (1 ms)
[ RUN      ] JSONParser/JSONParser.Case/n_string_escaped_backslash_bad
test/json/test_json.cpp:171: Failure
Expected equality of these values:
  actual
    Which is: "result=CONTINUE\n---\nEVENT\nBEGIN_ARRAY\nSTRING_BEGIN\nSTRING_CHARS \\\\\\\"]\n"
  expected
    Which is: "result=ERROR\nvalue=0\n---\nEVENT\nERROR 0\n"
With diff:
@@ -1,6 +1,5 @@
-result=CONTINUE
+result=ERROR
+value=0
 ---
 EVENT
-BEGIN_ARRAY
-STRING_BEGIN
-STRING_CHARS \\\\\\\"]\n
+ERROR 0\n

Case 'n_string_escaped_backslash_bad.txt' mismatched. See build/test_output/json/n_string_escaped_backslash_bad.txt/output.txt

[  FAILED  ] JSONParser/JSONParser.Case/n_string_escaped_backslash_bad, where GetParam() = 112-byte object <20-75 F3-9F 83-55 00-00 22-00 00-00 00-00 00-00 22-00 00-00 00-00 00-00 D8-7F F0-9F 83-55 00-00 10-4C F3-9F 83-55 00-00 31-00 00-00 00-00 00-00 31-00 00-00 00-00 00-00 10-7F F0-9F 83-55 00-00 30-CF F1-9F 83-55 00-00 90-96 F3-9F 83-55 00-00 35-00 00-00 00-00 00-00 35-00 00-00 00-00 00-00 03-00 00-00 00-00 00-00 70-CB F1-9F 83-55 00-00> (1 ms)
[ RUN      ] JSONParser/JSONParser.Case/n_array_unclosed_trailing_comma
test/json/test_json.cpp:171: Failure
Expected equality of these values:
  actual
    Which is: "result=CONTINUE\n---\nEVENT\nBEGIN_ARRAY\nINT 1\n"
  expected
    Which is: "result=ERROR\nvalue=0\n---\nEVENT\nERROR 0\n"
With diff:
@@ -1,5 +1,5 @@
-result=CONTINUE
+result=ERROR
+value=0
 ---
 EVENT
-BEGIN_ARRAY
-INT 1\n
+ERROR 0\n

Case 'n_array_unclosed_trailing_comma.txt' mismatched. See build/test_output/json/n_array_unclosed_trailing_comma.txt/output.txt

[  FAILED  ] JSONParser/JSONParser.Case/n_array_unclosed_trailing_comma, where GetParam() = 112-byte object <60-6A F3-9F 83-55 00-00 23-00 00-00 00-00 00-00 23-00 00-00 00-00 00-00 D8-7F F0-9F 83-55 00-00 50-4C F3-9F 83-55 00-00 32-00 00-00 00-00 00-00 32-00 00-00 00-00 00-00 10-7F F0-9F 83-55 00-00 10-DD F1-9F 83-55 00-00 B0-7A F3-9F 83-55 00-00 36-00 00-00 00-00 00-00 36-00 00-00 00-00 00-00 03-00 00-00 00-00 00-00 B0-D6 F1-9F 83-55 00-00> (0 ms)
[ RUN      ] JSONParser/JSONParser.Case/y_structure_lonely_int
test/json/test_json.cpp:171: Failure
Expected equality of these values:
  actual
    Which is: "result=DONE\n---\nEVENT\nINT 42\n"
  expected
    Which is: "result=DONE\n---\nEVENT\n"
With diff:
@@ -1,4 +1,3 @@
 result=DONE
 ---
-EVENT
-INT 42\n
+EVENT\n

Case 'y_structure_lonely_int.txt' mismatched. See build/test_output/json/y_structure_lonely_int.txt/output.txt

[  FAILED  ] JSONParser/JSONParser.Case/y_structure_lonely_int, where GetParam() = 112-byte object <60-5C F3-9F 83-55 00-00 1A-00 00-00 00-00 00-00 1A-00 00-00 00-00 00-00 D8-7F F0-9F 83-55 00-00 B0-73 F3-9F 83-55 00-00 29-00 00-00 00-00 00-00 29-00 00-00 00-00 00-00 10-7F F0-9F 83-55 00-00 D0-E7 F1-9F 83-55 00-00 00-78 F3-9F 83-55 00-00 2D-00 00-00 00-00 00-00 2D-00 00-00 00-00 00-00 03-00 00-00 00-00 00-00 E0-E3 F1-9F 83-55 00-00> (0 ms)
[ RUN      ] JSONParser/JSONParser.Case/n_number__2bInf
test/json/test_json.cpp:171: Failure
Expected equality of these values:
  actual
    Which is: "result=ERROR\nvalue=225\n---\nEVENT\nBEGIN_ARRAY\nERROR 225\n"
  expected
    Which is: "result=ERROR\nvalue=0\n---\nEVENT\nERROR 0\n"
With diff:
@@ -1,6 +1,5 @@
 result=ERROR
-value=225
+value=0
 ---
 EVENT
-BEGIN_ARRAY
-ERROR 225\n
+ERROR 0\n

Case 'n_number_+Inf.txt' mismatched. See build/test_output/json/n_number_+Inf.txt/output.txt

[  FAILED  ] JSONParser/JSONParser.Case/n_number__2bInf, where GetParam() = 112-byte object <B0-A3 F2-9F 83-55 00-00 11-00 00-00 00-00 00-00 11-00 00-00 00-00 00-00 D8-7F F0-9F 83-55 00-00 A0-46 F3-9F 83-55 00-00 20-00 00-00 00-00 00-00 20-00 00-00 00-00 00-00 10-7F F0-9F 83-55 00-00 00-F3 F1-9F 83-55 00-00 70-66 F3-9F 83-55 00-00 24-00 00-00 00-00 00-00 24-00 00-00 00-00 00-00 03-00 00-00 00-00 00-00 60-EF F1-9F 83-55 00-00> (1 ms)
[ RUN      ] JSONParser/JSONParser.Case/y_string_u_2b2029_par_sep
test/json/test_json.cpp:171: Failure
Expected equality of these values:
  actual
    Which is: "result=DONE\n---\nEVENT\nBEGIN_ARRAY\nSTRING \xE2\x80\xA9\nEND_ARRAY\n"
    As Text: "result=DONE
---
EVENT
BEGIN_ARRAY
STRING  
END_ARRAY
"
  expected
    Which is: "result=DONE\n---\nEVENT\n"
With diff:
@@ -1,7 +1,3 @@
 result=DONE
 ---
-EVENT
-BEGIN_ARRAY
-STRING \xE2\x80\xA9
-END_ARRAY
-"
    As Text: "result=DONE
---
EVENT
BEGIN_ARRAY
STRING  
END_ARRAY

+EVENT\n

Case 'y_string_u+2029_par_sep.txt' mismatched. See build/test_output/json/y_string_u+2029_par_sep.txt/output.txt

[  FAILED  ] JSONParser/JSONParser.Case/y_string_u_2b2029_par_sep, where GetParam() = 112-byte object <80-79 F3-9F 83-55 00-00 1B-00 00-00 00-00 00-00 1B-00 00-00 00-00 00-00 D8-7F F0-9F 83-55 00-00 20-6E F3-9F 83-55 00-00 2A-00 00-00 00-00 00-00 2A-00 00-00 00-00 00-00 10-7F F0-9F 83-55 00-00 40-FE F1-9F 83-55 00-00 50-75 F3-9F 83-55 00-00 2E-00 00-00 00-00 00-00 2E-00 00-00 00-00 00-00 03-00 00-00 00-00 00-00 60-F9 F1-9F 83-55 00-00> (0 ms)
[ RUN      ] JSONParser/JSONParser.Case/n_number_with_leading_zero
test/json/test_json.cpp:171: Failure
Expected equality of these values:
  actual
    Which is: "result=ERROR\nvalue=262\n---\nEVENT\nBEGIN_ARRAY\nERROR 262\n"
  expected
    Which is: "result=ERROR\nvalue=0\n---\nEVENT\nERROR 0\n"
With diff:
@@ -1,6 +1,5 @@
 result=ERROR
-value=262
+value=0
 ---
 EVENT
-BEGIN_ARRAY
-ERROR 262\n
+ERROR 0\n

Case 'n_number_with_leading_zero.txt' mismatched. See build/test_output/json/n_number_with_leading_zero.txt/output.txt

[  FAILED  ] JSONParser/JSONParser.Case/n_number_with_leading_zero, where GetParam() = 112-byte object <90-57 F3-9F 83-55 00-00 1E-00 00-00 00-00 00-00 1E-00 00-00 00-00 00-00 D8-7F F0-9F 83-55 00-00 A0-66 F3-9F 83-55 00-00 2D-00 00-00 00-00 00-00 2D-00 00-00 00-00 00-00 10-7F F0-9F 83-55 00-00 E0-07 F2-9F 83-55 00-00 70-73 F3-9F 83-55 00-00 31-00 00-00 00-00 00-00 31-00 00-00 00-00 00-00 03-00 00-00 00-00 00-00 A0-04 F2-9F 83-55 00-00> (0 ms)
[ RUN      ] JSONParser/JSONParser.Case/n_structure_no_data
test/json/test_json.cpp:171: Failure
Expected equality of these values:
  actual
    Which is: "result=ERROR\nvalue=210\n---\nEVENT\nERROR 210\n"
  expected
    Which is: "result=ERROR\nvalue=0\n---\nEVENT\nERROR 0\n"
With diff:
@@ -1,5 +1,5 @@
 result=ERROR
-value=210
+value=0
 ---
 EVENT
-ERROR 210\n
+ERROR 0\n

Case 'n_structure_no_data.txt' mismatched. See build/test_output/json/n_structure_no_data.txt/output.txt

[  FAILED  ] JSONParser/JSONParser.Case/n_structure_no_data, where GetParam() = 112-byte object <40-B1 F2-9F 83-55 00-00 17-00 00-00 00-00 00-00 17-00 00-00 00-00 00-00 D8-7F F0-9F 83-55 00-00 50-49 F3-9F 83-55 00-00 26-00 00-00 00-00 00-00 26-00 00-00 00-00 00-00 10-7F F0-9F 83-55 00-00 30-13 F2-9F 83-55 00-00 30-71 F3-9F 83-55 00-00 2A-00 00-00 00-00 00-00 2A-00 00-00 00-00 00-00 03-00 00-00 00-00 00-00 70-0E F2-9F 83-55 00-00> (0 ms)
[ RUN      ] JSONParser/JSONParser.Case/n_number__2dNaN
test/json/test_json.cpp:171: Failure
Expected equality of these values:
  actual
    Which is: "result=ERROR\nvalue=261\n---\nEVENT\nBEGIN_ARRAY\nERROR 261\n"
  expected
    Which is: "result=ERROR\nvalue=0\n---\nEVENT\nERROR 0\n"
With diff:
@@ -1,6 +1,5 @@
 result=ERROR
-value=261
+value=0
 ---
 EVENT
-BEGIN_ARRAY
-ERROR 261\n
+ERROR 0\n

Case 'n_number_-NaN.txt' mismatched. See build/test_output/json/n_number_-NaN.txt/output.txt

[  FAILED  ] JSONParser/JSONParser.Case/n_number__2dNaN, where GetParam() = 112-byte object <70-97 F2-9F 83-55 00-00 11-00 00-00 00-00 00-00 11-00 00-00 00-00 00-00 D8-7F F0-9F 83-55 00-00 E0-49 F3-9F 83-55 00-00 20-00 00-00 00-00 00-00 20-00 00-00 00-00 00-00 10-7F F0-9F 83-55 00-00 00-1E F2-9F 83-55 00-00 B0-49 F3-9F 83-55 00-00 24-00 00-00 00-00 00-00 24-00 00-00 00-00 00-00 03-00 00-00 00-00 00-00 F0-19 F2-9F 83-55 00-00> (0 ms)
[ RUN      ] JSONParser/JSONParser.Case/n_object_two_commas_in_a_row
test/json/test_json.cpp:171: Failure
Expected equality of these values:
  actual
    Which is: "result=ERROR\nvalue=223\n---\nEVENT\nBEGIN_OBJECT\nKEY a\nSTRING b\nERROR 223\n"
  expected
    Which is: "result=ERROR\nvalue=0\n---\nEVENT\nERROR 0\n"
With diff:
@@ -1,8 +1,5 @@
 result=ERROR
-value=223
+value=0
 ---
 EVENT
-BEGIN_OBJECT
-KEY a
-STRING b
-ERROR 223\n
+ERROR 0\n

Case 'n_object_two_commas_in_a_row.txt' mismatched. See build/test_output/json/n_object_two_commas_in_a_row.txt/output.txt

[  FAILED  ] JSONParser/JSONParser.Case/n_object_two_commas_in_a_row, where GetParam() = 112-byte object <70-54 F3-9F 83-55 00-00 20-00 00-00 00-00 00-00 20-00 00-00 00-00 00-00 D8-7F F0-9F 83-55 00-00 30-71 F3-9F 83-55 00-00 2F-00 00-00 00-00 00-00 2F-00 00-00 00-00 00-00 10-7F F0-9F 83-55 00-00 F0-5D F1-9F 83-55 00-00 D0-6F F3-9F 83-55 00-00 33-00 00-00 00-00 00-00 33-00 00-00 00-00 00-00 03-00 00-00 00-00 00-00 20-5A F1-9F 83-55 00-00> (0 ms)
[ RUN      ] JSONParser/JSONParser.Case/n_string_invalid_backslash_esc
test/json/test_json.cpp:171: Failure
Expected equality of these values:
  actual
    Which is: "result=ERROR\nvalue=240\n---\nEVENT\nBEGIN_ARRAY\nERROR 240\n"
  expected
    Which is: "result=ERROR\nvalue=0\n---\nEVENT\nERROR 0\n"
With diff:
@@ -1,6 +1,5 @@
 result=ERROR
-value=240
+value=0
 ---
 EVENT
-BEGIN_ARRAY
-ERROR 240\n
+ERROR 0\n

Case 'n_string_invalid_backslash_esc.txt' mismatched. See build/test_output/json/n_string_invalid_backslash_esc.txt/output.txt

[  FAILED  ] JSONParser/JSONParser.Case/n_string_invalid_backslash_esc, where GetParam() = 112-byte object <70-3C F3-9F 83-55 00-00 22-00 00-00 00-00 00-00 22-00 00-00 00-00 00-00 D8-7F F0-9F 83-55 00-00 50-75 F3-9F 83-55 00-00 31-00 00-00 00-00 00-00 31-00 00-00 00-00 00-00 10-7F F0-9F 83-55 00-00 40-6C F1-9F 83-55 00-00 50-57 F3-9F 83-55 00-00 35-00 00-00 00-00 00-00 35-00 00-00 00-00 00-00 03-00 00-00 00-00 00-00 60-6D F1-9F 83-55 00-00> (0 ms)
[ RUN      ] JSONParser/JSONParser.Case/y_string_unicodeEscapedBackslash
test/json/test_json.cpp:171: Failure
Expected equality of these values:
  actual
    Which is: "result=DONE\n---\nEVENT\nBEGIN_ARRAY\nSTRING \\u005C\nEND_ARRAY\n"
  expected
    Which is: "result=DONE\n---\nEVENT\n"
With diff:
@@ -1,6 +1,3 @@
 result=DONE
 ---
-EVENT
-BEGIN_ARRAY
-STRING \\u005C
-END_ARRAY\n
+EVENT\n

Case 'y_string_unicodeEscapedBackslash.txt' mismatched. See build/test_output/json/y_string_unicodeEscapedBackslash.txt/output.txt

[  FAILED  ] JSONParser/JSONParser.Case/y_string_unicodeEscapedBackslash, where GetParam() = 112-byte object <50-3B F3-9F 83-55 00-00 24-00 00-00 00-00 00-00 24-00 00-00 00-00 00-00 D8-7F F0-9F 83-55 00-00 40-5F F3-9F 83-55 00-00 33-00 00-00 00-00 00-00 33-00 00-00 00-00 00-00 10-7F F0-9F 83-55 00-00 C0-7C F1-9F 83-55 00-00 D0-63 F3-9F 83-55 00-00 37-00 00-00 00-00 00-00 37-00 00-00 00-00 00-00 03-00 00-00 00-00 00-00 20-79 F1-9F 83-55 00-00> (0 ms)
[ RUN      ] JSONParser/JSONParser.Case/n_structure_unclosed_array
test/json/test_json.cpp:171: Failure
Expected equality of these values:
  actual
    Which is: "result=CONTINUE\n---\nEVENT\nBEGIN_ARRAY\nINT 1\n"
  expected
    Which is: "result=ERROR\nvalue=0\n---\nEVENT\nERROR 0\n"
With diff:
@@ -1,5 +1,5 @@
-result=CONTINUE
+result=ERROR
+value=0
 ---
 EVENT
-BEGIN_ARRAY
-INT 1\n
+ERROR 0\n

Case 'n_structure_unclosed_array.txt' mismatched. See build/test_output/json/n_structure_unclosed_array.txt/output.txt

[  FAILED  ] JSONParser/JSONParser.Case/n_structure_unclosed_array, where GetParam() = 112-byte object <10-3A F3-9F 83-55 00-00 1E-00 00-00 00-00 00-00 1E-00 00-00 00-00 00-00 D8-7F F0-9F 83-55 00-00 50-81 F3-9F 83-55 00-00 2D-00 00-00 00-00 00-00 2D-00 00-00 00-00 00-00 10-7F F0-9F 83-55 00-00 C0-88 F1-9F 83-55 00-00 D0-6F F3-9F 83-55 00-00 31-00 00-00 00-00 00-00 31-00 00-00 00-00 00-00 03-00 00-00 00-00 00-00 C0-89 F1-9F 83-55 00-00> (0 ms)
[ RUN      ] JSONParser/JSONParser.Case/y_number_real_pos_exponent
test/json/test_json.cpp:171: Failure
Expected equality of these values:
  actual
    Which is: "result=DONE\n---\nEVENT\nBEGIN_ARRAY\nFLOAT 100\nEND_ARRAY\n"
  expected
    Which is: "result=DONE\n---\nEVENT\n"
With diff:
@@ -1,6 +1,3 @@
 result=DONE
 ---
-EVENT
-BEGIN_ARRAY
-FLOAT 100
-END_ARRAY\n
+EVENT\n

Case 'y_number_real_pos_exponent.txt' mismatched. See build/test_output/json/y_number_real_pos_exponent.txt/output.txt

[  FAILED  ] JSONParser/JSONParser.Case/y_number_real_pos_exponent, where GetParam() = 112-byte object <80-2A F3-9F 83-55 00-00 1E-00 00-00 00-00 00-00 1E-00 00-00 00-00 00-00 D8-7F F0-9F 83-55 00-00 C0-58 F3-9F 83-55 00-00 2D-00 00-00 00-00 00-00 2D-00 00-00 00-00 00-00 10-7F F0-9F 83-55 00-00 10-9B F2-9F 83-55 00-00 E0-4E F3-9F 83-55 00-00 31-00 00-00 00-00 00-00 31-00 00-00 00-00 00-00 03-00 00-00 00-00 00-00 90-97 F2-9F 83-55 00-00> (0 ms)
[ RUN      ] JSONParser/JSONParser.Case/n_structure_open_array_apostrophe
test/json/test_json.cpp:171: Failure
Expected equality of these values:
  actual
    Which is: "result=ERROR\nvalue=225\n---\nEVENT\nBEGIN_ARRAY\nERROR 225\n"
  expected
    Which is: "result=ERROR\nvalue=0\n---\nEVENT\nERROR 0\n"
With diff:
@@ -1,6 +1,5 @@
 result=ERROR
-value=225
+value=0
 ---
 EVENT
-BEGIN_ARRAY
-ERROR 225\n
+ERROR 0\n

Case 'n_structure_open_array_apostrophe.txt' mismatched. See build/test_output/json/n_structure_open_array_apostrophe.txt/output.txt

[  FAILED  ] JSONParser/JSONParser.Case/n_structure_open_array_apostrophe, where GetParam() = 112-byte object <D0-20 F3-9F 83-55 00-00 25-00 00-00 00-00 00-00 25-00 00-00 00-00 00-00 D8-7F F0-9F 83-55 00-00 10-56 F3-9F 83-55 00-00 34-00 00-00 00-00 00-00 34-00 00-00 00-00 00-00 10-7F F0-9F 83-55 00-00 60-A9 F2-9F 83-55 00-00 40-AF F1-9F 83-55 00-00 38-00 00-00 00-00 00-00 38-00 00-00 00-00 00-00 03-00 00-00 00-00 00-00 A0-AA F2-9F 83-55 00-00> (0 ms)
[ RUN      ] JSONParser/JSONParser.Case/n_object_missing_semicolon
test/json/test_json.cpp:171: Failure
Expected equality of these values:
  actual
    Which is: "result=ERROR\nvalue=224\n---\nEVENT\nBEGIN_OBJECT\nKEY a\nERROR 224\n"
  expected
    Which is: "result=ERROR\nvalue=0\n---\nEVENT\nERROR 0\n"
With diff:
@@ -1,7 +1,5 @@
 result=ERROR
-value=224
+value=0
 ---
 EVENT
-BEGIN_OBJECT
-KEY a
-ERROR 224\n
+ERROR 0\n

Case 'n_object_missing_semicolon.txt' mismatched. See build/test_output/json/n_object_missing_semicolon.txt/output.txt

[  FAILED  ] JSONParser/JSONParser.Case/n_object_missing_semicolon, where GetParam() = 112-byte object <10-03 F3-9F 83-55 00-00 1E-00 00-00 00-00 00-00 1E-00 00-00 00-00 00-00 D8-7F F0-9F 83-55 00-00 60-53 F3-9F 83-55 00-00 2D-00 00-00 00-00 00-00 2D-00 00-00 00-00 00-00 10-7F F0-9F 83-55 00-00 10-BD F2-9F 83-55 00-00 A0-4E F3-9F 83-55 00-00 31-00 00-00 00-00 00-00 31-00 00-00 00-00 00-00 03-00 00-00 00-00 00-00 D0-B8 F2-9F 83-55 00-00> (0 ms)
[ RUN      ] JSONParser/JSONParser.Case/y_string_allowed_escapes
test/json/test_json.cpp:171: Failure
Expected equality of these values:
  actual
    Which is: "result=DONE\n---\nEVENT\nBEGIN_ARRAY\nSTRING \\\"\\\\\\/\\b\\f\\n\\r\\t\nEND_ARRAY\n"
  expected
    Which is: "result=DONE\n---\nEVENT\n"
With diff:
@@ -1,6 +1,3 @@
 result=DONE
 ---
-EVENT
-BEGIN_ARRAY
-STRING \\\"\\\\\\/\\b\\f\\n\\r\\t
-END_ARRAY\n
+EVENT\n

Case 'y_string_allowed_escapes.txt' mismatched. See build/test_output/json/y_string_allowed_escapes.txt/output.txt

[  FAILED  ] JSONParser/JSONParser.Case/y_string_allowed_escapes, where GetParam() = 112-byte object <60-17 F3-9F 83-55 00-00 1C-00 00-00 00-00 00-00 1C-00 00-00 00-00 00-00 D8-7F F0-9F 83-55 00-00 90-50 F3-9F 83-55 00-00 2B-00 00-00 00-00 00-00 2B-00 00-00 00-00 00-00 10-7F F0-9F 83-55 00-00 40-CA F2-9F 83-55 00-00 A0-41 F3-9F 83-55 00-00 2F-00 00-00 00-00 00-00 2F-00 00-00 00-00 00-00 03-00 00-00 00-00 00-00 C0-C6 F2-9F 83-55 00-00> (0 ms)
[ RUN      ] JSONParser/JSONParser.Case/n_string_leading_uescaped_thinspace
test/json/test_json.cpp:171: Failure
Expected equality of these values:
  actual
    Which is: "result=ERROR\nvalue=225\n---\nEVENT\nBEGIN_ARRAY\nERROR 225\n"
  expected
    Which is: "result=ERROR\nvalue=0\n---\nEVENT\nERROR 0\n"
With diff:
@@ -1,6 +1,5 @@
 result=ERROR
-value=225
+value=0
 ---
 EVENT
-BEGIN_ARRAY
-ERROR 225\n
+ERROR 0\n

Case 'n_string_leading_uescaped_thinspace.txt' mismatched. See build/test_output/json/n_string_leading_uescaped_thinspace.txt/output.txt

[  FAILED  ] JSONParser/JSONParser.Case/n_string_leading_uescaped_thinspace, where GetParam() = 112-byte object <20-12 F3-9F 83-55 00-00 27-00 00-00 00-00 00-00 27-00 00-00 00-00 00-00 D8-7F F0-9F 83-55 00-00 60-37 F3-9F 83-55 00-00 36-00 00-00 00-00 00-00 36-00 00-00 00-00 00-00 10-7F F0-9F 83-55 00-00 30-D4 F2-9F 83-55 00-00 00-BF F1-9F 83-55 00-00 3A-00 00-00 00-00 00-00 3A-00 00-00 00-00 00-00 03-00 00-00 00-00 00-00 40-D5 F2-9F 83-55 00-00> (0 ms)
[ RUN      ] JSONParser/JSONParser.Case/n_structure_open_array_open_object
test/json/test_json.cpp:171: Failure
Expected equality of these values:
  actual
    Which is: "result=CONTINUE\n---\nEVENT\nBEGIN_ARRAY\nBEGIN_OBJECT\n"
  expected
    Which is: "result=ERROR\nvalue=0\n---\nEVENT\nERROR 0\n"
With diff:
@@ -1,5 +1,5 @@
-result=CONTINUE
+result=ERROR
+value=0
 ---
 EVENT
-BEGIN_ARRAY
-BEGIN_OBJECT\n
+ERROR 0\n

Case 'n_structure_open_array_open_object.txt' mismatched. See build/test_output/json/n_structure_open_array_open_object.txt/output.txt

[  FAILED  ] JSONParser/JSONParser.Case/n_structure_open_array_open_object, where GetParam() = 112-byte object <20-0D F3-9F 83-55 00-00 26-00 00-00 00-00 00-00 26-00 00-00 00-00 00-00 D8-7F F0-9F 83-55 00-00 30-31 F2-9F 83-55 00-00 35-00 00-00 00-00 00-00 35-00 00-00 00-00 00-00 10-7F F0-9F 83-55 00-00 70-ED F2-9F 83-55 00-00 90-91 F1-9F 83-55 00-00 39-00 00-00 00-00 00-00 39-00 00-00 00-00 00-00 03-00 00-00 00-00 00-00 30-E9 F2-9F 83-55 00-00> (0 ms)
[ RUN      ] JSONParser/JSONParser.Case/n_number_expression
test/json/test_json.cpp:171: Failure
Expected equality of these values:
  actual
    Which is: "result=ERROR\nvalue=261\n---\nEVENT\nBEGIN_ARRAY\nERROR 261\n"
  expected
    Which is: "result=ERROR\nvalue=0\n---\nEVENT\nERROR 0\n"
With diff:
@@ -1,6 +1,5 @@
 result=ERROR
-value=261
+value=0
 ---
 EVENT
-BEGIN_ARRAY
-ERROR 261\n
+ERROR 0\n

Case 'n_number_expression.txt' mismatched. See build/test_output/json/n_number_expression.txt/output.txt

[  FAILED  ] JSONParser/JSONParser.Case/n_number_expression, where GetParam() = 112-byte object <D0-16 F2-9F 83-55 00-00 17-00 00-00 00-00 00-00 17-00 00-00 00-00 00-00 D8-7F F0-9F 83-55 00-00 D0-20 F3-9F 83-55 00-00 26-00 00-00 00-00 00-00 26-00 00-00 00-00 00-00 10-7F F0-9F 83-55 00-00 40-F9 F2-9F 83-55 00-00 60-41 F3-9F 83-55 00-00 2A-00 00-00 00-00 00-00 2A-00 00-00 00-00 00-00 03-00 00-00 00-00 00-00 80-FA F2-9F 83-55 00-00> (0 ms)
[ RUN      ] JSONParser/JSONParser.Case/n_number_2_2ee_2d3
test/json/test_json.cpp:171: Failure
Expected equality of these values:
  actual
    Which is: "result=ERROR\nvalue=263\n---\nEVENT\nBEGIN_ARRAY\nERROR 263\n"
  expected
    Which is: "result=ERROR\nvalue=0\n---\nEVENT\nERROR 0\n"
With diff:
@@ -1,6 +1,5 @@
 result=ERROR
-value=263
+value=0
 ---
 EVENT
-BEGIN_ARRAY
-ERROR 263\n
+ERROR 0\n

Case 'n_number_2.e-3.txt' mismatched. See build/test_output/json/n_number_2.e-3.txt/output.txt

[  FAILED  ] JSONParser/JSONParser.Case/n_number_2_2ee_2d3, where GetParam() = 112-byte object <F0-01 F2-9F 83-55 00-00 12-00 00-00 00-00 00-00 12-00 00-00 00-00 00-00 D8-7F F0-9F 83-55 00-00 40-08 F3-9F 83-55 00-00 21-00 00-00 00-00 00-00 21-00 00-00 00-00 00-00 10-7F F0-9F 83-55 00-00 20-0A F3-9F 83-55 00-00 10-3A F3-9F 83-55 00-00 25-00 00-00 00-00 00-00 25-00 00-00 00-00 00-00 03-00 00-00 00-00 00-00 30-06 F3-9F 83-55 00-00> (0 ms)
[ RUN      ] JSONParser/JSONParser.Case/n_structure_100000_opening_arrays
make: *** [Makefile:215: test_json] Segmentation fault (core dumped)
